<?xml version="1.0" encoding="UTF-8"?>
<testsuite xmlns:xsi="http://www.w3.org/2001/XMLSchema-instance" xsi:noNamespaceSchemaLocation="https://maven.apache.org/surefire/maven-surefire-plugin/xsd/surefire-test-report-3.0.xsd" version="3.0" name="com.docencia.examen.herencia.DirectivoTest" time="0.02" tests="8" errors="0" skipped="0" failures="0">
  <properties>
[...]
</properties>
  <testcase name="getSalarioTotal_correcto" classname="com.docencia.examen.herencia.DirectivoTest" time="0.0"/>
  <testcase name="equals_identificadoresDistintos_directivo" classname="com.docencia.examen.herencia.DirectivoTest" time="0.0"/>
  <testcase name="equals_directivoVsEmpleado_noIguales" classname="com.docencia.examen.herencia.DirectivoTest" time="0.002"/>
  <testcase name="equals_mismoIdentificador_directivo" classname="com.docencia.examen.herencia.DirectivoTest" time="0.001"/>
  <testcase name="toString_directivo" classname="com.docencia.examen.herencia.DirectivoTest" time="0.008"/>
  <testcase name="constructorCompleto_directivo" classname="com.docencia.examen.herencia.DirectivoTest" time="0.001"/>
  <testcase name="constructorVacio_directivo_camposPorDefecto" classname="com.docencia.examen.herencia.DirectivoTest" time="0.002"/>
  <testcase name="constructorSoloIdentificador_directivo" classname="com.docencia.examen.herencia.DirectivoTest" time="0.001"/>
</testsuite>