<?xml version="1.0" encoding="UTF-8"?>
<testsuite xmlns:xsi="http://www.w3.org/2001/XMLSchema-instance" xsi:noNamespaceSchemaLocation="https://maven.apache.org/surefire/maven-surefire-plugin/xsd/surefire-test-report-3.0.xsd" version="3.0" name="unidad3.Ejercicio10Test" time="0.017" tests="3" errors="0" skipped="0" failures="2">
  <properties>
[...]
</properties>
  <testcase name="testValorNoValidoLanzaExcepcion" classname="unidad3.Ejercicio10Test" time="0.004">
    <failure message="Expected java.lang.IllegalArgumentException to be thrown, but nothing was thrown." type="org.opentest4j.AssertionFailedError"><![CDATA[org.opentest4j.AssertionFailedError: Expected java.lang.IllegalArgumentException to be thrown, but nothing was thrown.
	at org.junit.jupiter.api.AssertionFailureBuilder.build(AssertionFailureBuilder.java:152)
	at org.junit.jupiter.api.AssertThrows.assertThrows(AssertThrows.java:73)
	at org.junit.jupiter.api.AssertThrows.assertThrows(AssertThrows.java:35)
	at org.junit.jupiter.api.Assertions.assertThrows(Assertions.java:3111)
	at unidad3.Ejercicio10Test.testValorNoValidoLanzaExcepcion(Ejercicio10Test.java:23)
	at java.base/java.lang.reflect.Method.invoke(Method.java:569)
	at java.base/java.util.ArrayList.forEach(ArrayList.java:1511)
	at java.base/java.util.ArrayList.forEach(ArrayList.java:1511)
]]></failure>
  </testcase>
  <testcase name="testTriangulo" classname="unidad3.Ejercicio10Test" time="0.0"/>
  <testcase name="testCuadrado" classname="unidad3.Ejercicio10Test" time="0.003">
    <failure message="expected: &lt;***&#10;***&#10;***&gt; but was: &lt;null&gt;" type="org.opentest4j.AssertionFailedError"><![CDATA[org.opentest4j.AssertionFailedError: 
expected: <***
***
***> but was: <null>
	at org.junit.jupiter.api.AssertionFailureBuilder.build(AssertionFailureBuilder.java:151)
	at org.junit.jupiter.api.AssertionFailureBuilder.buildAndThrow(AssertionFailureBuilder.java:132)
	at org.junit.jupiter.api.AssertEquals.failNotEqual(AssertEquals.java:197)
	at org.junit.jupiter.api.AssertEquals.assertEquals(AssertEquals.java:182)
	at org.junit.jupiter.api.AssertEquals.assertEquals(AssertEquals.java:177)
	at org.junit.jupiter.api.Assertions.assertEquals(Assertions.java:1141)
	at unidad3.Ejercicio10Test.testCuadrado(Ejercicio10Test.java:12)
	at java.base/java.lang.reflect.Method.invoke(Method.java:569)
	at java.base/java.util.ArrayList.forEach(ArrayList.java:1511)
	at java.base/java.util.ArrayList.forEach(ArrayList.java:1511)
]]></failure>
  </testcase>
</testsuite>