<?xml version="1.0" encoding="UTF-8"?>
<testsuite xmlns:xsi="http://www.w3.org/2001/XMLSchema-instance" xsi:noNamespaceSchemaLocation="https://maven.apache.org/surefire/maven-surefire-plugin/xsd/surefire-test-report-3.0.xsd" version="3.0" name="com.ejemplo.service.validation.ClienteServiceRegexValidationTest" time="0.361" tests="4" errors="0" skipped="0" failures="0">
  <properties>
[...]
</properties>
  <testcase name="createClienteConEmailIncorrectoFailTest" classname="com.ejemplo.service.validation.ClienteServiceRegexValidationTest" time="0.034">
    <system-err><![CDATA[El cliente no es valido
]]></system-err>
  </testcase>
  <testcase name="createClienteConDniIncorrectoFailTest" classname="com.ejemplo.service.validation.ClienteServiceRegexValidationTest" time="0.003">
    <system-err><![CDATA[El cliente no es valido
]]></system-err>
  </testcase>
  <testcase name="findByDniConFormatoIncorrectoFailTest" classname="com.ejemplo.service.validation.ClienteServiceRegexValidationTest" time="0.289">
    <system-err><![CDATA[SLF4J: Failed to load class "org.slf4j.impl.StaticLoggerBinder".
SLF4J: Defaulting to no-operation (NOP) logger implementation
SLF4J: See http://www.slf4j.org/codes.html#StaticLoggerBinder for further details.
]]></system-err>
  </testcase>
  <testcase name="createClienteConTelefonoIncorrectoFailTest" classname="com.ejemplo.service.validation.ClienteServiceRegexValidationTest" time="0.005">
    <system-err><![CDATA[El cliente no es valido
]]></system-err>
  </testcase>
</testsuite>