<?xml version="1.0" encoding="UTF-8"?>
<testsuite xmlns:xsi="http://www.w3.org/2001/XMLSchema-instance" xsi:noNamespaceSchemaLocation="https://maven.apache.org/surefire/maven-surefire-plugin/xsd/surefire-test-report-3.0.xsd" version="3.0" name="com.ejemplo.service.ClienteServiceSqliteTest" time="0.319" tests="24" errors="0" skipped="0" failures="0">
  <properties>
[...]
</properties>
  <testcase name="findAllFailTest" classname="com.ejemplo.service.ClienteServiceSqliteTest" time="0.026"/>
  <testcase name="findByDniNullTest" classname="com.ejemplo.service.ClienteServiceSqliteTest" time="0.004"/>
  <testcase name="findByCiudadOkTest" classname="com.ejemplo.service.ClienteServiceSqliteTest" time="0.003"/>
  <testcase name="findByDniEmptyTest" classname="com.ejemplo.service.ClienteServiceSqliteTest" time="0.004"/>
  <testcase name="deleteByDniOkTest" classname="com.ejemplo.service.ClienteServiceSqliteTest" time="0.191">
    <system-err><![CDATA[SLF4J: Failed to load class "org.slf4j.impl.StaticLoggerBinder".
SLF4J: Defaulting to no-operation (NOP) logger implementation
SLF4J: See http://www.slf4j.org/codes.html#StaticLoggerBinder for further details.
]]></system-err>
  </testcase>
  <testcase name="updateOkTest" classname="com.ejemplo.service.ClienteServiceSqliteTest" time="0.003"/>
  <testcase name="updateNullTest" classname="com.ejemplo.service.ClienteServiceSqliteTest" time="0.003"/>
  <testcase name="createNullTest" classname="com.ejemplo.service.ClienteServiceSqliteTest" time="0.003">
    <system-err><![CDATA[El cliente no es valido
]]></system-err>
  </testcase>
  <testcase name="deleteByDniNullTest" classname="com.ejemplo.service.ClienteServiceSqliteTest" time="0.002"/>
  <testcase name="findAllEmptyTest" classname="com.ejemplo.service.ClienteServiceSqliteTest" time="0.003"/>
  <testcase name="findAllOkTest" classname="com.ejemplo.service.ClienteServiceSqliteTest" time="0.007"/>
  <testcase name="updateEmptyTest" classname="com.ejemplo.service.ClienteServiceSqliteTest" time="0.003"/>
  <testcase name="findByDniOkTest" classname="com.ejemplo.service.ClienteServiceSqliteTest" time="0.003"/>
  <testcase name="findByDniFailTest" classname="com.ejemplo.service.ClienteServiceSqliteTest" time="0.001"/>
  <testcase name="findAllOrderTest" classname="com.ejemplo.service.ClienteServiceSqliteTest" time="0.001"/>
  <testcase name="findByEmailFailTest" classname="com.ejemplo.service.ClienteServiceSqliteTest" time="0.002"/>
  <testcase name="createEmptyTest" classname="com.ejemplo.service.ClienteServiceSqliteTest" time="0.002"/>
  <testcase name="createOkTest" classname="com.ejemplo.service.ClienteServiceSqliteTest" time="0.008"/>
  <testcase name="deleteByDniEmptyTest" classname="com.ejemplo.service.ClienteServiceSqliteTest" time="0.001"/>
  <testcase name="updateFailTest" classname="com.ejemplo.service.ClienteServiceSqliteTest" time="0.001"/>
  <testcase name="createFailTest" classname="com.ejemplo.service.ClienteServiceSqliteTest" time="0.001"/>
  <testcase name="deleteByDniFailTest" classname="com.ejemplo.service.ClienteServiceSqliteTest" time="0.002"/>
  <testcase name="findActivosOkTest" classname="com.ejemplo.service.ClienteServiceSqliteTest" time="0.003"/>
  <testcase name="findByEmailOkTest" classname="com.ejemplo.service.ClienteServiceSqliteTest" time="0.002"/>
</testsuite>