-------------------------------------------------------------------------------
Test set: com.docencia.expresionesregulares.ejercicio4.RegexFechaBasicaTest
-------------------------------------------------------------------------------
Tests run: 4, Failures: 0, Errors: 1, Skipped: 0, Time elapsed: 0.293 s <<< FAILURE! -- in com.docencia.expresionesregulares.ejercicio4.RegexFechaBasicaTest
com.docencia.expresionesregulares.ejercicio4.RegexFechaBasicaTest.patronNoDebeSerNulo -- Time elapsed: 0.008 s <<< ERROR!
java.lang.UnsupportedOperationException: TODO
	at com.docencia.expresionesregulares.ejercicio4.RegexFechaBasica.patron(RegexFechaBasica.java:17)
	at com.docencia.expresionesregulares.ejercicio4.RegexFechaBasicaTest.patronNoDebeSerNulo(RegexFechaBasicaTest.java:10)
	at java.base/java.lang.reflect.Method.invoke(Method.java:569)
	at java.base/java.util.ArrayList.forEach(ArrayList.java:1511)
	at java.base/java.util.ArrayList.forEach(ArrayList.java:1511)

