<?xml version="1.0" encoding="UTF-8"?>
<testsuite xmlns:xsi="http://www.w3.org/2001/XMLSchema-instance" xsi:noNamespaceSchemaLocation="https://maven.apache.org/surefire/maven-surefire-plugin/xsd/surefire-test-report-3.0.xsd" version="3.0" name="com.docencia.fecha.ejercicio8.Ejercicio08Test" time="0.009" tests="16" errors="5" skipped="0" failures="11">
  <properties>
[...]
</properties>
  <testcase name="shouldThrowWhenInicioEqualsFin" classname="com.docencia.fecha.ejercicio8.Ejercicio08Test" time="0.001">
    <failure message="Unexpected exception type thrown, expected: &lt;java.lang.IllegalArgumentException&gt; but was: &lt;java.lang.UnsupportedOperationException&gt;" type="org.opentest4j.AssertionFailedError"><![CDATA[org.opentest4j.AssertionFailedError: Unexpected exception type thrown, expected: <java.lang.IllegalArgumentException> but was: <java.lang.UnsupportedOperationException>
	at org.junit.jupiter.api.AssertionFailureBuilder.build(AssertionFailureBuilder.java:151)
	at org.junit.jupiter.api.AssertThrows.assertThrows(AssertThrows.java:67)
	at org.junit.jupiter.api.AssertThrows.assertThrows(AssertThrows.java:35)
	at org.junit.jupiter.api.Assertions.assertThrows(Assertions.java:3115)
	at com.docencia.fecha.ejercicio8.Ejercicio08Test.shouldThrowWhenInicioEqualsFin(Ejercicio08Test.java:72)
	at java.base/java.lang.reflect.Method.invoke(Method.java:569)
	at java.base/java.util.ArrayList.forEach(ArrayList.java:1511)
	at java.base/java.util.ArrayList.forEach(ArrayList.java:1511)
Caused by: java.lang.UnsupportedOperationException: TODO
	at com.docencia.fecha.ejercicio8.Ejercicio08.normalizarFranja(Ejercicio08.java:42)
	at com.docencia.fecha.ejercicio8.Ejercicio08Test.lambda$shouldThrowWhenInicioEqualsFin$10(Ejercicio08Test.java:73)
	at org.junit.jupiter.api.AssertThrows.assertThrows(AssertThrows.java:53)
	... 6 more
]]></failure>
  </testcase>
  <testcase name="shouldReturnSameWhenAlreadyNormalizedSameDayInterval" classname="com.docencia.fecha.ejercicio8.Ejercicio08Test" time="0.001">
    <error message="TODO" type="java.lang.UnsupportedOperationException"><![CDATA[java.lang.UnsupportedOperationException: TODO
	at com.docencia.fecha.ejercicio8.Ejercicio08.normalizarFranja(Ejercicio08.java:42)
	at com.docencia.fecha.ejercicio8.Ejercicio08Test.shouldReturnSameWhenAlreadyNormalizedSameDayInterval(Ejercicio08Test.java:79)
	at java.base/java.lang.reflect.Method.invoke(Method.java:569)
	at java.base/java.util.ArrayList.forEach(ArrayList.java:1511)
	at java.base/java.util.ArrayList.forEach(ArrayList.java:1511)
]]></error>
  </testcase>
  <testcase name="shouldAcceptUpperBounds2359" classname="com.docencia.fecha.ejercicio8.Ejercicio08Test" time="0.0">
    <error message="TODO" type="java.lang.UnsupportedOperationException"><![CDATA[java.lang.UnsupportedOperationException: TODO
	at com.docencia.fecha.ejercicio8.Ejercicio08.normalizarFranja(Ejercicio08.java:42)
	at com.docencia.fecha.ejercicio8.Ejercicio08Test.shouldAcceptUpperBounds2359(Ejercicio08Test.java:103)
	at java.base/java.lang.reflect.Method.invoke(Method.java:569)
	at java.base/java.util.ArrayList.forEach(ArrayList.java:1511)
	at java.base/java.util.ArrayList.forEach(ArrayList.java:1511)
]]></error>
  </testcase>
  <testcase name="shouldAcceptMidnightAsValidEnd" classname="com.docencia.fecha.ejercicio8.Ejercicio08Test" time="0.001">
    <error message="TODO" type="java.lang.UnsupportedOperationException"><![CDATA[java.lang.UnsupportedOperationException: TODO
	at com.docencia.fecha.ejercicio8.Ejercicio08.normalizarFranja(Ejercicio08.java:42)
	at com.docencia.fecha.ejercicio8.Ejercicio08Test.shouldAcceptMidnightAsValidEnd(Ejercicio08Test.java:97)
	at java.base/java.lang.reflect.Method.invoke(Method.java:569)
	at java.base/java.util.ArrayList.forEach(ArrayList.java:1511)
	at java.base/java.util.ArrayList.forEach(ArrayList.java:1511)
]]></error>
  </testcase>
  <testcase name="shouldThrowWhenFormatIsInvalidMissingLeadingZero" classname="com.docencia.fecha.ejercicio8.Ejercicio08Test" time="0.0">
    <failure message="Unexpected exception type thrown, expected: &lt;java.lang.IllegalArgumentException&gt; but was: &lt;java.lang.UnsupportedOperationException&gt;" type="org.opentest4j.AssertionFailedError"><![CDATA[org.opentest4j.AssertionFailedError: Unexpected exception type thrown, expected: <java.lang.IllegalArgumentException> but was: <java.lang.UnsupportedOperationException>
	at org.junit.jupiter.api.AssertionFailureBuilder.build(AssertionFailureBuilder.java:151)
	at org.junit.jupiter.api.AssertThrows.assertThrows(AssertThrows.java:67)
	at org.junit.jupiter.api.AssertThrows.assertThrows(AssertThrows.java:35)
	at org.junit.jupiter.api.Assertions.assertThrows(Assertions.java:3115)
	at com.docencia.fecha.ejercicio8.Ejercicio08Test.shouldThrowWhenFormatIsInvalidMissingLeadingZero(Ejercicio08Test.java:29)
	at java.base/java.lang.reflect.Method.invoke(Method.java:569)
	at java.base/java.util.ArrayList.forEach(ArrayList.java:1511)
	at java.base/java.util.ArrayList.forEach(ArrayList.java:1511)
Caused by: java.lang.UnsupportedOperationException: TODO
	at com.docencia.fecha.ejercicio8.Ejercicio08.normalizarFranja(Ejercicio08.java:42)
	at com.docencia.fecha.ejercicio8.Ejercicio08Test.lambda$shouldThrowWhenFormatIsInvalidMissingLeadingZero$3(Ejercicio08Test.java:30)
	at org.junit.jupiter.api.AssertThrows.assertThrows(AssertThrows.java:53)
	... 6 more
]]></failure>
  </testcase>
  <testcase name="shouldThrowWhenMinutesAreOutOfRange60" classname="com.docencia.fecha.ejercicio8.Ejercicio08Test" time="0.001">
    <failure message="Unexpected exception type thrown, expected: &lt;java.lang.IllegalArgumentException&gt; but was: &lt;java.lang.UnsupportedOperationException&gt;" type="org.opentest4j.AssertionFailedError"><![CDATA[org.opentest4j.AssertionFailedError: Unexpected exception type thrown, expected: <java.lang.IllegalArgumentException> but was: <java.lang.UnsupportedOperationException>
	at org.junit.jupiter.api.AssertionFailureBuilder.build(AssertionFailureBuilder.java:151)
	at org.junit.jupiter.api.AssertThrows.assertThrows(AssertThrows.java:67)
	at org.junit.jupiter.api.AssertThrows.assertThrows(AssertThrows.java:35)
	at org.junit.jupiter.api.Assertions.assertThrows(Assertions.java:3115)
	at com.docencia.fecha.ejercicio8.Ejercicio08Test.shouldThrowWhenMinutesAreOutOfRange60(Ejercicio08Test.java:60)
	at java.base/java.lang.reflect.Method.invoke(Method.java:569)
	at java.base/java.util.ArrayList.forEach(ArrayList.java:1511)
	at java.base/java.util.ArrayList.forEach(ArrayList.java:1511)
Caused by: java.lang.UnsupportedOperationException: TODO
	at com.docencia.fecha.ejercicio8.Ejercicio08.normalizarFranja(Ejercicio08.java:42)
	at com.docencia.fecha.ejercicio8.Ejercicio08Test.lambda$shouldThrowWhenMinutesAreOutOfRange60$8(Ejercicio08Test.java:61)
	at org.junit.jupiter.api.AssertThrows.assertThrows(AssertThrows.java:53)
	... 6 more
]]></failure>
  </testcase>
  <testcase name="shouldThrowWhenFormatIsInvalidNoDash" classname="com.docencia.fecha.ejercicio8.Ejercicio08Test" time="0.0">
    <failure message="Unexpected exception type thrown, expected: &lt;java.lang.IllegalArgumentException&gt; but was: &lt;java.lang.UnsupportedOperationException&gt;" type="org.opentest4j.AssertionFailedError"><![CDATA[org.opentest4j.AssertionFailedError: Unexpected exception type thrown, expected: <java.lang.IllegalArgumentException> but was: <java.lang.UnsupportedOperationException>
	at org.junit.jupiter.api.AssertionFailureBuilder.build(AssertionFailureBuilder.java:151)
	at org.junit.jupiter.api.AssertThrows.assertThrows(AssertThrows.java:67)
	at org.junit.jupiter.api.AssertThrows.assertThrows(AssertThrows.java:35)
	at org.junit.jupiter.api.Assertions.assertThrows(Assertions.java:3115)
	at com.docencia.fecha.ejercicio8.Ejercicio08Test.shouldThrowWhenFormatIsInvalidNoDash(Ejercicio08Test.java:41)
	at java.base/java.lang.reflect.Method.invoke(Method.java:569)
	at java.base/java.util.ArrayList.forEach(ArrayList.java:1511)
	at java.base/java.util.ArrayList.forEach(ArrayList.java:1511)
Caused by: java.lang.UnsupportedOperationException: TODO
	at com.docencia.fecha.ejercicio8.Ejercicio08.normalizarFranja(Ejercicio08.java:42)
	at com.docencia.fecha.ejercicio8.Ejercicio08Test.lambda$shouldThrowWhenFormatIsInvalidNoDash$5(Ejercicio08Test.java:42)
	at org.junit.jupiter.api.AssertThrows.assertThrows(AssertThrows.java:53)
	... 6 more
]]></failure>
  </testcase>
  <testcase name="shouldReturnSameWhenAlreadyNormalizedCrossingMidnightInterval" classname="com.docencia.fecha.ejercicio8.Ejercicio08Test" time="0.0">
    <error message="TODO" type="java.lang.UnsupportedOperationException"><![CDATA[java.lang.UnsupportedOperationException: TODO
	at com.docencia.fecha.ejercicio8.Ejercicio08.normalizarFranja(Ejercicio08.java:42)
	at com.docencia.fecha.ejercicio8.Ejercicio08Test.shouldReturnSameWhenAlreadyNormalizedCrossingMidnightInterval(Ejercicio08Test.java:85)
	at java.base/java.lang.reflect.Method.invoke(Method.java:569)
	at java.base/java.util.ArrayList.forEach(ArrayList.java:1511)
	at java.base/java.util.ArrayList.forEach(ArrayList.java:1511)
]]></error>
  </testcase>
  <testcase name="shouldThrowWhenHourIsOutOfRangeNegativeNotPossibleButKeptByRegex" classname="com.docencia.fecha.ejercicio8.Ejercicio08Test" time="0.001">
    <failure message="Unexpected exception type thrown, expected: &lt;java.lang.IllegalArgumentException&gt; but was: &lt;java.lang.UnsupportedOperationException&gt;" type="org.opentest4j.AssertionFailedError"><![CDATA[org.opentest4j.AssertionFailedError: Unexpected exception type thrown, expected: <java.lang.IllegalArgumentException> but was: <java.lang.UnsupportedOperationException>
	at org.junit.jupiter.api.AssertionFailureBuilder.build(AssertionFailureBuilder.java:151)
	at org.junit.jupiter.api.AssertThrows.assertThrows(AssertThrows.java:67)
	at org.junit.jupiter.api.AssertThrows.assertThrows(AssertThrows.java:35)
	at org.junit.jupiter.api.Assertions.assertThrows(Assertions.java:3115)
	at com.docencia.fecha.ejercicio8.Ejercicio08Test.shouldThrowWhenHourIsOutOfRangeNegativeNotPossibleButKeptByRegex(Ejercicio08Test.java:54)
	at java.base/java.lang.reflect.Method.invoke(Method.java:569)
	at java.base/java.util.ArrayList.forEach(ArrayList.java:1511)
	at java.base/java.util.ArrayList.forEach(ArrayList.java:1511)
Caused by: java.lang.UnsupportedOperationException: TODO
	at com.docencia.fecha.ejercicio8.Ejercicio08.normalizarFranja(Ejercicio08.java:42)
	at com.docencia.fecha.ejercicio8.Ejercicio08Test.lambda$shouldThrowWhenHourIsOutOfRangeNegativeNotPossibleButKeptByRegex$7(Ejercicio08Test.java:55)
	at org.junit.jupiter.api.AssertThrows.assertThrows(AssertThrows.java:53)
	... 6 more
]]></failure>
  </testcase>
  <testcase name="shouldAcceptMidnightAsValidStart" classname="com.docencia.fecha.ejercicio8.Ejercicio08Test" time="0.0">
    <error message="TODO" type="java.lang.UnsupportedOperationException"><![CDATA[java.lang.UnsupportedOperationException: TODO
	at com.docencia.fecha.ejercicio8.Ejercicio08.normalizarFranja(Ejercicio08.java:42)
	at com.docencia.fecha.ejercicio8.Ejercicio08Test.shouldAcceptMidnightAsValidStart(Ejercicio08Test.java:91)
	at java.base/java.lang.reflect.Method.invoke(Method.java:569)
	at java.base/java.util.ArrayList.forEach(ArrayList.java:1511)
	at java.base/java.util.ArrayList.forEach(ArrayList.java:1511)
]]></error>
  </testcase>
  <testcase name="shouldThrowWhenFranjaIsBlank" classname="com.docencia.fecha.ejercicio8.Ejercicio08Test" time="0.0">
    <failure message="Unexpected exception type thrown, expected: &lt;java.lang.IllegalArgumentException&gt; but was: &lt;java.lang.UnsupportedOperationException&gt;" type="org.opentest4j.AssertionFailedError"><![CDATA[org.opentest4j.AssertionFailedError: Unexpected exception type thrown, expected: <java.lang.IllegalArgumentException> but was: <java.lang.UnsupportedOperationException>
	at org.junit.jupiter.api.AssertionFailureBuilder.build(AssertionFailureBuilder.java:151)
	at org.junit.jupiter.api.AssertThrows.assertThrows(AssertThrows.java:67)
	at org.junit.jupiter.api.AssertThrows.assertThrows(AssertThrows.java:35)
	at org.junit.jupiter.api.Assertions.assertThrows(Assertions.java:3115)
	at com.docencia.fecha.ejercicio8.Ejercicio08Test.shouldThrowWhenFranjaIsBlank(Ejercicio08Test.java:23)
	at java.base/java.lang.reflect.Method.invoke(Method.java:569)
	at java.base/java.util.ArrayList.forEach(ArrayList.java:1511)
	at java.base/java.util.ArrayList.forEach(ArrayList.java:1511)
Caused by: java.lang.UnsupportedOperationException: TODO
	at com.docencia.fecha.ejercicio8.Ejercicio08.normalizarFranja(Ejercicio08.java:42)
	at com.docencia.fecha.ejercicio8.Ejercicio08Test.lambda$shouldThrowWhenFranjaIsBlank$2(Ejercicio08Test.java:24)
	at org.junit.jupiter.api.AssertThrows.assertThrows(AssertThrows.java:53)
	... 6 more
]]></failure>
  </testcase>
  <testcase name="shouldThrowWhenFranjaIsEmpty" classname="com.docencia.fecha.ejercicio8.Ejercicio08Test" time="0.0">
    <failure message="Unexpected exception type thrown, expected: &lt;java.lang.IllegalArgumentException&gt; but was: &lt;java.lang.UnsupportedOperationException&gt;" type="org.opentest4j.AssertionFailedError"><![CDATA[org.opentest4j.AssertionFailedError: Unexpected exception type thrown, expected: <java.lang.IllegalArgumentException> but was: <java.lang.UnsupportedOperationException>
	at org.junit.jupiter.api.AssertionFailureBuilder.build(AssertionFailureBuilder.java:151)
	at org.junit.jupiter.api.AssertThrows.assertThrows(AssertThrows.java:67)
	at org.junit.jupiter.api.AssertThrows.assertThrows(AssertThrows.java:35)
	at org.junit.jupiter.api.Assertions.assertThrows(Assertions.java:3115)
	at com.docencia.fecha.ejercicio8.Ejercicio08Test.shouldThrowWhenFranjaIsEmpty(Ejercicio08Test.java:17)
	at java.base/java.lang.reflect.Method.invoke(Method.java:569)
	at java.base/java.util.ArrayList.forEach(ArrayList.java:1511)
	at java.base/java.util.ArrayList.forEach(ArrayList.java:1511)
Caused by: java.lang.UnsupportedOperationException: TODO
	at com.docencia.fecha.ejercicio8.Ejercicio08.normalizarFranja(Ejercicio08.java:42)
	at com.docencia.fecha.ejercicio8.Ejercicio08Test.lambda$shouldThrowWhenFranjaIsEmpty$1(Ejercicio08Test.java:18)
	at org.junit.jupiter.api.AssertThrows.assertThrows(AssertThrows.java:53)
	... 6 more
]]></failure>
  </testcase>
  <testcase name="shouldThrowWhenFormatIsInvalidWrongSeparator" classname="com.docencia.fecha.ejercicio8.Ejercicio08Test" time="0.001">
    <failure message="Unexpected exception type thrown, expected: &lt;java.lang.IllegalArgumentException&gt; but was: &lt;java.lang.UnsupportedOperationException&gt;" type="org.opentest4j.AssertionFailedError"><![CDATA[org.opentest4j.AssertionFailedError: Unexpected exception type thrown, expected: <java.lang.IllegalArgumentException> but was: <java.lang.UnsupportedOperationException>
	at org.junit.jupiter.api.AssertionFailureBuilder.build(AssertionFailureBuilder.java:151)
	at org.junit.jupiter.api.AssertThrows.assertThrows(AssertThrows.java:67)
	at org.junit.jupiter.api.AssertThrows.assertThrows(AssertThrows.java:35)
	at org.junit.jupiter.api.Assertions.assertThrows(Assertions.java:3115)
	at com.docencia.fecha.ejercicio8.Ejercicio08Test.shouldThrowWhenFormatIsInvalidWrongSeparator(Ejercicio08Test.java:35)
	at java.base/java.lang.reflect.Method.invoke(Method.java:569)
	at java.base/java.util.ArrayList.forEach(ArrayList.java:1511)
	at java.base/java.util.ArrayList.forEach(ArrayList.java:1511)
Caused by: java.lang.UnsupportedOperationException: TODO
	at com.docencia.fecha.ejercicio8.Ejercicio08.normalizarFranja(Ejercicio08.java:42)
	at com.docencia.fecha.ejercicio8.Ejercicio08Test.lambda$shouldThrowWhenFormatIsInvalidWrongSeparator$4(Ejercicio08Test.java:36)
	at org.junit.jupiter.api.AssertThrows.assertThrows(AssertThrows.java:53)
	... 6 more
]]></failure>
  </testcase>
  <testcase name="shouldThrowWhenMinutesAreOutOfRangeAtEnd" classname="com.docencia.fecha.ejercicio8.Ejercicio08Test" time="0.0">
    <failure message="Unexpected exception type thrown, expected: &lt;java.lang.IllegalArgumentException&gt; but was: &lt;java.lang.UnsupportedOperationException&gt;" type="org.opentest4j.AssertionFailedError"><![CDATA[org.opentest4j.AssertionFailedError: Unexpected exception type thrown, expected: <java.lang.IllegalArgumentException> but was: <java.lang.UnsupportedOperationException>
	at org.junit.jupiter.api.AssertionFailureBuilder.build(AssertionFailureBuilder.java:151)
	at org.junit.jupiter.api.AssertThrows.assertThrows(AssertThrows.java:67)
	at org.junit.jupiter.api.AssertThrows.assertThrows(AssertThrows.java:35)
	at org.junit.jupiter.api.Assertions.assertThrows(Assertions.java:3115)
	at com.docencia.fecha.ejercicio8.Ejercicio08Test.shouldThrowWhenMinutesAreOutOfRangeAtEnd(Ejercicio08Test.java:66)
	at java.base/java.lang.reflect.Method.invoke(Method.java:569)
	at java.base/java.util.ArrayList.forEach(ArrayList.java:1511)
	at java.base/java.util.ArrayList.forEach(ArrayList.java:1511)
Caused by: java.lang.UnsupportedOperationException: TODO
	at com.docencia.fecha.ejercicio8.Ejercicio08.normalizarFranja(Ejercicio08.java:42)
	at com.docencia.fecha.ejercicio8.Ejercicio08Test.lambda$shouldThrowWhenMinutesAreOutOfRangeAtEnd$9(Ejercicio08Test.java:67)
	at org.junit.jupiter.api.AssertThrows.assertThrows(AssertThrows.java:53)
	... 6 more
]]></failure>
  </testcase>
  <testcase name="shouldThrowWhenHourIsOutOfRange24" classname="com.docencia.fecha.ejercicio8.Ejercicio08Test" time="0.0">
    <failure message="Unexpected exception type thrown, expected: &lt;java.lang.IllegalArgumentException&gt; but was: &lt;java.lang.UnsupportedOperationException&gt;" type="org.opentest4j.AssertionFailedError"><![CDATA[org.opentest4j.AssertionFailedError: Unexpected exception type thrown, expected: <java.lang.IllegalArgumentException> but was: <java.lang.UnsupportedOperationException>
	at org.junit.jupiter.api.AssertionFailureBuilder.build(AssertionFailureBuilder.java:151)
	at org.junit.jupiter.api.AssertThrows.assertThrows(AssertThrows.java:67)
	at org.junit.jupiter.api.AssertThrows.assertThrows(AssertThrows.java:35)
	at org.junit.jupiter.api.Assertions.assertThrows(Assertions.java:3115)
	at com.docencia.fecha.ejercicio8.Ejercicio08Test.shouldThrowWhenHourIsOutOfRange24(Ejercicio08Test.java:47)
	at java.base/java.lang.reflect.Method.invoke(Method.java:569)
	at java.base/java.util.ArrayList.forEach(ArrayList.java:1511)
	at java.base/java.util.ArrayList.forEach(ArrayList.java:1511)
Caused by: java.lang.UnsupportedOperationException: TODO
	at com.docencia.fecha.ejercicio8.Ejercicio08.normalizarFranja(Ejercicio08.java:42)
	at com.docencia.fecha.ejercicio8.Ejercicio08Test.lambda$shouldThrowWhenHourIsOutOfRange24$6(Ejercicio08Test.java:48)
	at org.junit.jupiter.api.AssertThrows.assertThrows(AssertThrows.java:53)
	... 6 more
]]></failure>
  </testcase>
  <testcase name="shouldThrowWhenFranjaIsNull" classname="com.docencia.fecha.ejercicio8.Ejercicio08Test" time="0.0">
    <failure message="Unexpected exception type thrown, expected: &lt;java.lang.IllegalArgumentException&gt; but was: &lt;java.lang.UnsupportedOperationException&gt;" type="org.opentest4j.AssertionFailedError"><![CDATA[org.opentest4j.AssertionFailedError: Unexpected exception type thrown, expected: <java.lang.IllegalArgumentException> but was: <java.lang.UnsupportedOperationException>
	at org.junit.jupiter.api.AssertionFailureBuilder.build(AssertionFailureBuilder.java:151)
	at org.junit.jupiter.api.AssertThrows.assertThrows(AssertThrows.java:67)
	at org.junit.jupiter.api.AssertThrows.assertThrows(AssertThrows.java:35)
	at org.junit.jupiter.api.Assertions.assertThrows(Assertions.java:3115)
	at com.docencia.fecha.ejercicio8.Ejercicio08Test.shouldThrowWhenFranjaIsNull(Ejercicio08Test.java:11)
	at java.base/java.lang.reflect.Method.invoke(Method.java:569)
	at java.base/java.util.ArrayList.forEach(ArrayList.java:1511)
	at java.base/java.util.ArrayList.forEach(ArrayList.java:1511)
Caused by: java.lang.UnsupportedOperationException: TODO
	at com.docencia.fecha.ejercicio8.Ejercicio08.normalizarFranja(Ejercicio08.java:42)
	at com.docencia.fecha.ejercicio8.Ejercicio08Test.lambda$shouldThrowWhenFranjaIsNull$0(Ejercicio08Test.java:12)
	at org.junit.jupiter.api.AssertThrows.assertThrows(AssertThrows.java:53)
	... 6 more
]]></failure>
  </testcase>
</testsuite>