<?xml version="1.0" encoding="UTF-8"?>
<testsuite xmlns:xsi="http://www.w3.org/2001/XMLSchema-instance" xsi:noNamespaceSchemaLocation="https://maven.apache.org/surefire/maven-surefire-plugin/xsd/surefire-test-report-3.0.xsd" version="3.0" name="com.docencia.expresiones.ejercicio10.Ejercicio10Test" time="0.012" tests="20" errors="20" skipped="0" failures="0">
  <properties>
[...]
</properties>
  <testcase name="invalido_formato_separadores" classname="com.docencia.expresiones.ejercicio10.Ejercicio10Test" time="0.0">
    <error message="TODO" type="java.lang.UnsupportedOperationException"><![CDATA[java.lang.UnsupportedOperationException: TODO
	at com.docencia.expresiones.ejercicio10.Ejercicio10.validarDNI(Ejercicio10.java:24)
	at com.docencia.expresiones.ejercicio10.Ejercicio10Test.invalido_formato_separadores(Ejercicio10Test.java:69)
	at java.base/java.lang.reflect.Method.invoke(Method.java:569)
	at java.base/java.util.ArrayList.forEach(ArrayList.java:1511)
	at java.base/java.util.ArrayList.forEach(ArrayList.java:1511)
]]></error>
  </testcase>
  <testcase name="invalido_formato_empiezaLetra" classname="com.docencia.expresiones.ejercicio10.Ejercicio10Test" time="0.001">
    <error message="TODO" type="java.lang.UnsupportedOperationException"><![CDATA[java.lang.UnsupportedOperationException: TODO
	at com.docencia.expresiones.ejercicio10.Ejercicio10.validarDNI(Ejercicio10.java:24)
	at com.docencia.expresiones.ejercicio10.Ejercicio10Test.invalido_formato_empiezaLetra(Ejercicio10Test.java:87)
	at java.base/java.lang.reflect.Method.invoke(Method.java:569)
	at java.base/java.util.ArrayList.forEach(ArrayList.java:1511)
	at java.base/java.util.ArrayList.forEach(ArrayList.java:1511)
]]></error>
  </testcase>
  <testcase name="invalido_letra_00000000A" classname="com.docencia.expresiones.ejercicio10.Ejercicio10Test" time="0.0">
    <error message="TODO" type="java.lang.UnsupportedOperationException"><![CDATA[java.lang.UnsupportedOperationException: TODO
	at com.docencia.expresiones.ejercicio10.Ejercicio10.validarDNI(Ejercicio10.java:24)
	at com.docencia.expresiones.ejercicio10.Ejercicio10Test.invalido_letra_00000000A(Ejercicio10Test.java:113)
	at java.base/java.lang.reflect.Method.invoke(Method.java:569)
	at java.base/java.util.ArrayList.forEach(ArrayList.java:1511)
	at java.base/java.util.ArrayList.forEach(ArrayList.java:1511)
]]></error>
  </testcase>
  <testcase name="invalido_formato_guion" classname="com.docencia.expresiones.ejercicio10.Ejercicio10Test" time="0.0">
    <error message="TODO" type="java.lang.UnsupportedOperationException"><![CDATA[java.lang.UnsupportedOperationException: TODO
	at com.docencia.expresiones.ejercicio10.Ejercicio10.validarDNI(Ejercicio10.java:24)
	at com.docencia.expresiones.ejercicio10.Ejercicio10Test.invalido_formato_guion(Ejercicio10Test.java:81)
	at java.base/java.lang.reflect.Method.invoke(Method.java:569)
	at java.base/java.util.ArrayList.forEach(ArrayList.java:1511)
	at java.base/java.util.ArrayList.forEach(ArrayList.java:1511)
]]></error>
  </testcase>
  <testcase name="invalido_letra_12345678A" classname="com.docencia.expresiones.ejercicio10.Ejercicio10Test" time="0.0">
    <error message="TODO" type="java.lang.UnsupportedOperationException"><![CDATA[java.lang.UnsupportedOperationException: TODO
	at com.docencia.expresiones.ejercicio10.Ejercicio10.validarDNI(Ejercicio10.java:24)
	at com.docencia.expresiones.ejercicio10.Ejercicio10Test.invalido_letra_12345678A(Ejercicio10Test.java:107)
	at java.base/java.lang.reflect.Method.invoke(Method.java:569)
	at java.base/java.util.ArrayList.forEach(ArrayList.java:1511)
	at java.base/java.util.ArrayList.forEach(ArrayList.java:1511)
]]></error>
  </testcase>
  <testcase name="invalido_formato_minuscula" classname="com.docencia.expresiones.ejercicio10.Ejercicio10Test" time="0.001">
    <error message="TODO" type="java.lang.UnsupportedOperationException"><![CDATA[java.lang.UnsupportedOperationException: TODO
	at com.docencia.expresiones.ejercicio10.Ejercicio10.validarDNI(Ejercicio10.java:24)
	at com.docencia.expresiones.ejercicio10.Ejercicio10Test.invalido_formato_minuscula(Ejercicio10Test.java:63)
	at java.base/java.lang.reflect.Method.invoke(Method.java:569)
	at java.base/java.util.ArrayList.forEach(ArrayList.java:1511)
	at java.base/java.util.ArrayList.forEach(ArrayList.java:1511)
]]></error>
  </testcase>
  <testcase name="invalido_letra_53077918A" classname="com.docencia.expresiones.ejercicio10.Ejercicio10Test" time="0.0">
    <error message="TODO" type="java.lang.UnsupportedOperationException"><![CDATA[java.lang.UnsupportedOperationException: TODO
	at com.docencia.expresiones.ejercicio10.Ejercicio10.validarDNI(Ejercicio10.java:24)
	at com.docencia.expresiones.ejercicio10.Ejercicio10Test.invalido_letra_53077918A(Ejercicio10Test.java:119)
	at java.base/java.lang.reflect.Method.invoke(Method.java:569)
	at java.base/java.util.ArrayList.forEach(ArrayList.java:1511)
	at java.base/java.util.ArrayList.forEach(ArrayList.java:1511)
]]></error>
  </testcase>
  <testcase name="valido_99999999_conLetraCorrecta" classname="com.docencia.expresiones.ejercicio10.Ejercicio10Test" time="0.006">
    <error message="TODO" type="java.lang.UnsupportedOperationException"><![CDATA[java.lang.UnsupportedOperationException: TODO
	at com.docencia.expresiones.ejercicio10.Ejercicio10.validarDNI(Ejercicio10.java:24)
	at com.docencia.expresiones.ejercicio10.Ejercicio10Test.valido_99999999_conLetraCorrecta(Ejercicio10Test.java:132)
	at java.base/java.lang.reflect.Method.invoke(Method.java:569)
	at java.base/java.util.ArrayList.forEach(ArrayList.java:1511)
	at java.base/java.util.ArrayList.forEach(ArrayList.java:1511)
]]></error>
  </testcase>
  <testcase name="valido_00000000T" classname="com.docencia.expresiones.ejercicio10.Ejercicio10Test" time="0.0">
    <error message="TODO" type="java.lang.UnsupportedOperationException"><![CDATA[java.lang.UnsupportedOperationException: TODO
	at com.docencia.expresiones.ejercicio10.Ejercicio10.validarDNI(Ejercicio10.java:24)
	at com.docencia.expresiones.ejercicio10.Ejercicio10Test.valido_00000000T(Ejercicio10Test.java:12)
	at java.base/java.lang.reflect.Method.invoke(Method.java:569)
	at java.base/java.util.ArrayList.forEach(ArrayList.java:1511)
	at java.base/java.util.ArrayList.forEach(ArrayList.java:1511)
]]></error>
  </testcase>
  <testcase name="invalido_formato_sinLetra" classname="com.docencia.expresiones.ejercicio10.Ejercicio10Test" time="0.0">
    <error message="TODO" type="java.lang.UnsupportedOperationException"><![CDATA[java.lang.UnsupportedOperationException: TODO
	at com.docencia.expresiones.ejercicio10.Ejercicio10.validarDNI(Ejercicio10.java:24)
	at com.docencia.expresiones.ejercicio10.Ejercicio10Test.invalido_formato_sinLetra(Ejercicio10Test.java:93)
	at java.base/java.lang.reflect.Method.invoke(Method.java:569)
	at java.base/java.util.ArrayList.forEach(ArrayList.java:1511)
	at java.base/java.util.ArrayList.forEach(ArrayList.java:1511)
]]></error>
  </testcase>
  <testcase name="invalido_null" classname="com.docencia.expresiones.ejercicio10.Ejercicio10Test" time="0.0">
    <error message="TODO" type="java.lang.UnsupportedOperationException"><![CDATA[java.lang.UnsupportedOperationException: TODO
	at com.docencia.expresiones.ejercicio10.Ejercicio10.validarDNI(Ejercicio10.java:24)
	at com.docencia.expresiones.ejercicio10.Ejercicio10Test.invalido_null(Ejercicio10Test.java:31)
	at java.base/java.lang.reflect.Method.invoke(Method.java:569)
	at java.base/java.util.ArrayList.forEach(ArrayList.java:1511)
	at java.base/java.util.ArrayList.forEach(ArrayList.java:1511)
]]></error>
  </testcase>
  <testcase name="valido_12345678Z" classname="com.docencia.expresiones.ejercicio10.Ejercicio10Test" time="0.0">
    <error message="TODO" type="java.lang.UnsupportedOperationException"><![CDATA[java.lang.UnsupportedOperationException: TODO
	at com.docencia.expresiones.ejercicio10.Ejercicio10.validarDNI(Ejercicio10.java:24)
	at com.docencia.expresiones.ejercicio10.Ejercicio10Test.valido_12345678Z(Ejercicio10Test.java:18)
	at java.base/java.lang.reflect.Method.invoke(Method.java:569)
	at java.base/java.util.ArrayList.forEach(ArrayList.java:1511)
	at java.base/java.util.ArrayList.forEach(ArrayList.java:1511)
]]></error>
  </testcase>
  <testcase name="valido_53077918Y" classname="com.docencia.expresiones.ejercicio10.Ejercicio10Test" time="0.0">
    <error message="TODO" type="java.lang.UnsupportedOperationException"><![CDATA[java.lang.UnsupportedOperationException: TODO
	at com.docencia.expresiones.ejercicio10.Ejercicio10.validarDNI(Ejercicio10.java:24)
	at com.docencia.expresiones.ejercicio10.Ejercicio10Test.valido_53077918Y(Ejercicio10Test.java:24)
	at java.base/java.lang.reflect.Method.invoke(Method.java:569)
	at java.base/java.util.ArrayList.forEach(ArrayList.java:1511)
	at java.base/java.util.ArrayList.forEach(ArrayList.java:1511)
]]></error>
  </testcase>
  <testcase name="invalido_99999999_conLetraIncorrecta" classname="com.docencia.expresiones.ejercicio10.Ejercicio10Test" time="0.0">
    <error message="TODO" type="java.lang.UnsupportedOperationException"><![CDATA[java.lang.UnsupportedOperationException: TODO
	at com.docencia.expresiones.ejercicio10.Ejercicio10.validarDNI(Ejercicio10.java:24)
	at com.docencia.expresiones.ejercicio10.Ejercicio10Test.invalido_99999999_conLetraIncorrecta(Ejercicio10Test.java:146)
	at java.base/java.lang.reflect.Method.invoke(Method.java:569)
	at java.base/java.util.ArrayList.forEach(ArrayList.java:1511)
	at java.base/java.util.ArrayList.forEach(ArrayList.java:1511)
]]></error>
  </testcase>
  <testcase name="invalido_vacio" classname="com.docencia.expresiones.ejercicio10.Ejercicio10Test" time="0.0">
    <error message="TODO" type="java.lang.UnsupportedOperationException"><![CDATA[java.lang.UnsupportedOperationException: TODO
	at com.docencia.expresiones.ejercicio10.Ejercicio10.validarDNI(Ejercicio10.java:24)
	at com.docencia.expresiones.ejercicio10.Ejercicio10Test.invalido_vacio(Ejercicio10Test.java:37)
	at java.base/java.lang.reflect.Method.invoke(Method.java:569)
	at java.base/java.util.ArrayList.forEach(ArrayList.java:1511)
	at java.base/java.util.ArrayList.forEach(ArrayList.java:1511)
]]></error>
  </testcase>
  <testcase name="invalido_formato_9digitos" classname="com.docencia.expresiones.ejercicio10.Ejercicio10Test" time="0.001">
    <error message="TODO" type="java.lang.UnsupportedOperationException"><![CDATA[java.lang.UnsupportedOperationException: TODO
	at com.docencia.expresiones.ejercicio10.Ejercicio10.validarDNI(Ejercicio10.java:24)
	at com.docencia.expresiones.ejercicio10.Ejercicio10Test.invalido_formato_9digitos(Ejercicio10Test.java:57)
	at java.base/java.lang.reflect.Method.invoke(Method.java:569)
	at java.base/java.util.ArrayList.forEach(ArrayList.java:1511)
	at java.base/java.util.ArrayList.forEach(ArrayList.java:1511)
]]></error>
  </testcase>
  <testcase name="invalido_espacios" classname="com.docencia.expresiones.ejercicio10.Ejercicio10Test" time="0.0">
    <error message="TODO" type="java.lang.UnsupportedOperationException"><![CDATA[java.lang.UnsupportedOperationException: TODO
	at com.docencia.expresiones.ejercicio10.Ejercicio10.validarDNI(Ejercicio10.java:24)
	at com.docencia.expresiones.ejercicio10.Ejercicio10Test.invalido_espacios(Ejercicio10Test.java:43)
	at java.base/java.lang.reflect.Method.invoke(Method.java:569)
	at java.base/java.util.ArrayList.forEach(ArrayList.java:1511)
	at java.base/java.util.ArrayList.forEach(ArrayList.java:1511)
]]></error>
  </testcase>
  <testcase name="invalido_formato_sobranChars" classname="com.docencia.expresiones.ejercicio10.Ejercicio10Test" time="0.0">
    <error message="TODO" type="java.lang.UnsupportedOperationException"><![CDATA[java.lang.UnsupportedOperationException: TODO
	at com.docencia.expresiones.ejercicio10.Ejercicio10.validarDNI(Ejercicio10.java:24)
	at com.docencia.expresiones.ejercicio10.Ejercicio10Test.invalido_formato_sobranChars(Ejercicio10Test.java:99)
	at java.base/java.lang.reflect.Method.invoke(Method.java:569)
	at java.base/java.util.ArrayList.forEach(ArrayList.java:1511)
	at java.base/java.util.ArrayList.forEach(ArrayList.java:1511)
]]></error>
  </testcase>
  <testcase name="invalido_formato_no8digitos" classname="com.docencia.expresiones.ejercicio10.Ejercicio10Test" time="0.0">
    <error message="TODO" type="java.lang.UnsupportedOperationException"><![CDATA[java.lang.UnsupportedOperationException: TODO
	at com.docencia.expresiones.ejercicio10.Ejercicio10.validarDNI(Ejercicio10.java:24)
	at com.docencia.expresiones.ejercicio10.Ejercicio10Test.invalido_formato_no8digitos(Ejercicio10Test.java:75)
	at java.base/java.lang.reflect.Method.invoke(Method.java:569)
	at java.base/java.util.ArrayList.forEach(ArrayList.java:1511)
	at java.base/java.util.ArrayList.forEach(ArrayList.java:1511)
]]></error>
  </testcase>
  <testcase name="invalido_formato_7digitos" classname="com.docencia.expresiones.ejercicio10.Ejercicio10Test" time="0.001">
    <error message="TODO" type="java.lang.UnsupportedOperationException"><![CDATA[java.lang.UnsupportedOperationException: TODO
	at com.docencia.expresiones.ejercicio10.Ejercicio10.validarDNI(Ejercicio10.java:24)
	at com.docencia.expresiones.ejercicio10.Ejercicio10Test.invalido_formato_7digitos(Ejercicio10Test.java:51)
	at java.base/java.lang.reflect.Method.invoke(Method.java:569)
	at java.base/java.util.ArrayList.forEach(ArrayList.java:1511)
	at java.base/java.util.ArrayList.forEach(ArrayList.java:1511)
]]></error>
  </testcase>
</testsuite>