<?xml version="1.0" encoding="UTF-8"?>
<testsuite xmlns:xsi="http://www.w3.org/2001/XMLSchema-instance" xsi:noNamespaceSchemaLocation="https://maven.apache.org/surefire/maven-surefire-plugin/xsd/surefire-test-report-3.0.xsd" version="3.0" name="com.ejemplo.service.ClaseServiceSqliteTest" time="0.606" tests="40" errors="0" skipped="0" failures="0">
  <properties>
[...]
</properties>
  <testcase name="findByIdOkTest" classname="com.ejemplo.service.ClaseServiceSqliteTest" time="0.288">
    <system-err><![CDATA[SLF4J: Failed to load class "org.slf4j.impl.StaticLoggerBinder".
SLF4J: Defaulting to no-operation (NOP) logger implementation
SLF4J: See http://www.slf4j.org/codes.html#StaticLoggerBinder for further details.
]]></system-err>
  </testcase>
  <testcase name="findByIdNullTest" classname="com.ejemplo.service.ClaseServiceSqliteTest" time="0.002"/>
  <testcase name="findByIdEmptyTest" classname="com.ejemplo.service.ClaseServiceSqliteTest" time="0.004"/>
  <testcase name="findByIdFailTest" classname="com.ejemplo.service.ClaseServiceSqliteTest" time="0.003"/>
  <testcase name="findAllOkTest" classname="com.ejemplo.service.ClaseServiceSqliteTest" time="0.004"/>
  <testcase name="findAllFailTest" classname="com.ejemplo.service.ClaseServiceSqliteTest" time="0.027"/>
  <testcase name="findAllEmptyTest" classname="com.ejemplo.service.ClaseServiceSqliteTest" time="0.021"/>
  <testcase name="findAllOrderTest" classname="com.ejemplo.service.ClaseServiceSqliteTest" time="0.003"/>
  <testcase name="createOkTest" classname="com.ejemplo.service.ClaseServiceSqliteTest" time="0.014"/>
  <testcase name="createNullTest" classname="com.ejemplo.service.ClaseServiceSqliteTest" time="0.004"/>
  <testcase name="createEmptyTest" classname="com.ejemplo.service.ClaseServiceSqliteTest" time="0.002"/>
  <testcase name="createFailTest" classname="com.ejemplo.service.ClaseServiceSqliteTest" time="0.003"/>
  <testcase name="updateOkTest" classname="com.ejemplo.service.ClaseServiceSqliteTest" time="0.012"/>
  <testcase name="updateNullTest" classname="com.ejemplo.service.ClaseServiceSqliteTest" time="0.002"/>
  <testcase name="updateEmptyTest" classname="com.ejemplo.service.ClaseServiceSqliteTest" time="0.002"/>
  <testcase name="updateFailTest" classname="com.ejemplo.service.ClaseServiceSqliteTest" time="0.004"/>
  <testcase name="deleteByIdOkTest" classname="com.ejemplo.service.ClaseServiceSqliteTest" time="0.021"/>
  <testcase name="deleteByIdNullTest" classname="com.ejemplo.service.ClaseServiceSqliteTest" time="0.002"/>
  <testcase name="deleteByIdEmptyTest" classname="com.ejemplo.service.ClaseServiceSqliteTest" time="0.002"/>
  <testcase name="deleteByIdFailTest" classname="com.ejemplo.service.ClaseServiceSqliteTest" time="0.004"/>
  <testcase name="findDisponiblesOkTest" classname="com.ejemplo.service.ClaseServiceSqliteTest" time="0.003"/>
  <testcase name="findDisponiblesFailTest" classname="com.ejemplo.service.ClaseServiceSqliteTest" time="0.015"/>
  <testcase name="findDisponiblesEmptyTest" classname="com.ejemplo.service.ClaseServiceSqliteTest" time="0.013"/>
  <testcase name="findDisponiblesFilterTest" classname="com.ejemplo.service.ClaseServiceSqliteTest" time="0.004"/>
  <testcase name="findByTipoOkTest" classname="com.ejemplo.service.ClaseServiceSqliteTest" time="0.003"/>
  <testcase name="findByTipoNullTest" classname="com.ejemplo.service.ClaseServiceSqliteTest" time="0.003"/>
  <testcase name="findByTipoEmptyTest" classname="com.ejemplo.service.ClaseServiceSqliteTest" time="0.002"/>
  <testcase name="findByTipoFailTest" classname="com.ejemplo.service.ClaseServiceSqliteTest" time="0.004"/>
  <testcase name="findByMonitorOkTest" classname="com.ejemplo.service.ClaseServiceSqliteTest" time="0.005"/>
  <testcase name="findByMonitorNullTest" classname="com.ejemplo.service.ClaseServiceSqliteTest" time="0.001"/>
  <testcase name="findByMonitorEmptyTest" classname="com.ejemplo.service.ClaseServiceSqliteTest" time="0.003"/>
  <testcase name="findByMonitorFailTest" classname="com.ejemplo.service.ClaseServiceSqliteTest" time="0.004"/>
  <testcase name="findClasesConMonitorOkTest" classname="com.ejemplo.service.ClaseServiceSqliteTest" time="0.004"/>
  <testcase name="findClasesConMonitorFailTest" classname="com.ejemplo.service.ClaseServiceSqliteTest" time="0.017"/>
  <testcase name="findClasesConMonitorEmptyTest" classname="com.ejemplo.service.ClaseServiceSqliteTest" time="0.014"/>
  <testcase name="findClasesConMonitorJoinTest" classname="com.ejemplo.service.ClaseServiceSqliteTest" time="0.002"/>
  <testcase name="findReservasConSocioOkTest" classname="com.ejemplo.service.ClaseServiceSqliteTest" time="0.003"/>
  <testcase name="findReservasConSocioFailTest" classname="com.ejemplo.service.ClaseServiceSqliteTest" time="0.008"/>
  <testcase name="findReservasConSocioEmptyTest" classname="com.ejemplo.service.ClaseServiceSqliteTest" time="0.006"/>
  <testcase name="findReservasConSocioJoinTest" classname="com.ejemplo.service.ClaseServiceSqliteTest" time="0.003"/>
</testsuite>