<?xml version="1.0" encoding="UTF-8"?>
<testsuite xmlns:xsi="http://www.w3.org/2001/XMLSchema-instance" xsi:noNamespaceSchemaLocation="https://maven.apache.org/surefire/maven-surefire-plugin/xsd/surefire-test-report-3.0.xsd" version="3.0" name="com.ejemplo.service.SocioServiceSqliteTest" time="0.524" tests="32" errors="0" skipped="0" failures="0">
  <properties>
[...]
</properties>
  <testcase name="findByIdOkTest" classname="com.ejemplo.service.SocioServiceSqliteTest" time="0.274">
    <system-err><![CDATA[SLF4J: Failed to load class "org.slf4j.impl.StaticLoggerBinder".
SLF4J: Defaulting to no-operation (NOP) logger implementation
SLF4J: See http://www.slf4j.org/codes.html#StaticLoggerBinder for further details.
]]></system-err>
  </testcase>
  <testcase name="findByIdNullTest" classname="com.ejemplo.service.SocioServiceSqliteTest" time="0.003"/>
  <testcase name="findByIdEmptyTest" classname="com.ejemplo.service.SocioServiceSqliteTest" time="0.002"/>
  <testcase name="findByIdFailTest" classname="com.ejemplo.service.SocioServiceSqliteTest" time="0.004"/>
  <testcase name="findAllOkTest" classname="com.ejemplo.service.SocioServiceSqliteTest" time="0.004"/>
  <testcase name="findAllFailTest" classname="com.ejemplo.service.SocioServiceSqliteTest" time="0.016"/>
  <testcase name="findAllEmptyTest" classname="com.ejemplo.service.SocioServiceSqliteTest" time="0.014"/>
  <testcase name="findAllOrderTest" classname="com.ejemplo.service.SocioServiceSqliteTest" time="0.007"/>
  <testcase name="createOkTest" classname="com.ejemplo.service.SocioServiceSqliteTest" time="0.011"/>
  <testcase name="createNullTest" classname="com.ejemplo.service.SocioServiceSqliteTest" time="0.003"/>
  <testcase name="createEmptyTest" classname="com.ejemplo.service.SocioServiceSqliteTest" time="0.002"/>
  <testcase name="createFailTest" classname="com.ejemplo.service.SocioServiceSqliteTest" time="0.008">
    <system-err><![CDATA[No se ha podido almacenar el socio:null
]]></system-err>
  </testcase>
  <testcase name="updateOkTest" classname="com.ejemplo.service.SocioServiceSqliteTest" time="0.013"/>
  <testcase name="updateNullTest" classname="com.ejemplo.service.SocioServiceSqliteTest" time="0.002"/>
  <testcase name="updateEmptyTest" classname="com.ejemplo.service.SocioServiceSqliteTest" time="0.003"/>
  <testcase name="updateFailTest" classname="com.ejemplo.service.SocioServiceSqliteTest" time="0.004"/>
  <testcase name="deleteByIdOkTest" classname="com.ejemplo.service.SocioServiceSqliteTest" time="0.016"/>
  <testcase name="deleteByIdNullTest" classname="com.ejemplo.service.SocioServiceSqliteTest" time="0.002"/>
  <testcase name="deleteByIdEmptyTest" classname="com.ejemplo.service.SocioServiceSqliteTest" time="0.002"/>
  <testcase name="deleteByIdFailTest" classname="com.ejemplo.service.SocioServiceSqliteTest" time="0.005"/>
  <testcase name="findActivosOkTest" classname="com.ejemplo.service.SocioServiceSqliteTest" time="0.004"/>
  <testcase name="findActivosFailTest" classname="com.ejemplo.service.SocioServiceSqliteTest" time="0.013"/>
  <testcase name="findActivosEmptyTest" classname="com.ejemplo.service.SocioServiceSqliteTest" time="0.012"/>
  <testcase name="findActivosFilterTest" classname="com.ejemplo.service.SocioServiceSqliteTest" time="0.003"/>
  <testcase name="findByPlanOkTest" classname="com.ejemplo.service.SocioServiceSqliteTest" time="0.003"/>
  <testcase name="findByPlanNullTest" classname="com.ejemplo.service.SocioServiceSqliteTest" time="0.001"/>
  <testcase name="findByPlanEmptyTest" classname="com.ejemplo.service.SocioServiceSqliteTest" time="0.001"/>
  <testcase name="findByPlanFailTest" classname="com.ejemplo.service.SocioServiceSqliteTest" time="0.003"/>
  <testcase name="findSociosConReservasOkTest" classname="com.ejemplo.service.SocioServiceSqliteTest" time="0.004"/>
  <testcase name="findSociosConReservasFailTest" classname="com.ejemplo.service.SocioServiceSqliteTest" time="0.012"/>
  <testcase name="findSociosConReservasEmptyTest" classname="com.ejemplo.service.SocioServiceSqliteTest" time="0.012"/>
  <testcase name="findSociosConReservasJoinTest" classname="com.ejemplo.service.SocioServiceSqliteTest" time="0.003"/>
</testsuite>