<?xml version="1.0" encoding="UTF-8"?>
<testsuite xmlns:xsi="http://www.w3.org/2001/XMLSchema-instance" xsi:noNamespaceSchemaLocation="https://maven.apache.org/surefire/maven-surefire-plugin/xsd/surefire-test-report-3.0.xsd" version="3.0" name="com.docencia.listas.ejercicio10.ListaDocumentosTest" time="0.014" tests="18" errors="0" skipped="0" failures="0">
  <properties>
[...]
</properties>
  <testcase name="modificarNullIdTest" classname="com.docencia.listas.ejercicio10.ListaDocumentosTest" time="0.001"/>
  <testcase name="buscarPorIdNoExisteTest" classname="com.docencia.listas.ejercicio10.ListaDocumentosTest" time="0.0"/>
  <testcase name="eliminarPorIdNullTest" classname="com.docencia.listas.ejercicio10.ListaDocumentosTest" time="0.0"/>
  <testcase name="modificarInvalidTest" classname="com.docencia.listas.ejercicio10.ListaDocumentosTest" time="0.001"/>
  <testcase name="buscarPorIdOkTest" classname="com.docencia.listas.ejercicio10.ListaDocumentosTest" time="0.0"/>
  <testcase name="modificarIdDistintoTest" classname="com.docencia.listas.ejercicio10.ListaDocumentosTest" time="0.002"/>
  <testcase name="modificarOkTest" classname="com.docencia.listas.ejercicio10.ListaDocumentosTest" time="0.0"/>
  <testcase name="claseDocumentadaTest" classname="com.docencia.listas.ejercicio10.ListaDocumentosTest" time="0.0"/>
  <testcase name="anadirNullTest" classname="com.docencia.listas.ejercicio10.ListaDocumentosTest" time="0.001"/>
  <testcase name="anadirDuplicadoIdTest" classname="com.docencia.listas.ejercicio10.ListaDocumentosTest" time="0.001"/>
  <testcase name="buscarPorIdNullTest" classname="com.docencia.listas.ejercicio10.ListaDocumentosTest" time="0.001"/>
  <testcase name="anadirOkTest" classname="com.docencia.listas.ejercicio10.ListaDocumentosTest" time="0.0"/>
  <testcase name="anadirInvalidTest" classname="com.docencia.listas.ejercicio10.ListaDocumentosTest" time="0.001"/>
  <testcase name="eliminarPorIdOkTest" classname="com.docencia.listas.ejercicio10.ListaDocumentosTest" time="0.001"/>
  <testcase name="modificarNullElementoTest" classname="com.docencia.listas.ejercicio10.ListaDocumentosTest" time="0.0"/>
  <testcase name="eliminarPorIdNoExisteTest" classname="com.docencia.listas.ejercicio10.ListaDocumentosTest" time="0.0"/>
  <testcase name="listarInmutableTest" classname="com.docencia.listas.ejercicio10.ListaDocumentosTest" time="0.001"/>
  <testcase name="modificarNoExisteTest" classname="com.docencia.listas.ejercicio10.ListaDocumentosTest" time="0.0"/>
</testsuite>