<?xml version="1.0" encoding="UTF-8"?>
<testsuite xmlns:xsi="http://www.w3.org/2001/XMLSchema-instance" xsi:noNamespaceSchemaLocation="https://maven.apache.org/surefire/maven-surefire-plugin/xsd/surefire-test-report-3.0.xsd" version="3.0" name="com.examen.profesores.repository.ProfesorRepositoryJsonImplTest" time="0.306" tests="6" errors="6" skipped="0" failures="0">
  <properties>
[...]
</properties>
  <testcase name="noGuardaProfesorDuplicadoPorIdTest" classname="com.examen.profesores.repository.ProfesorRepositoryJsonImplTest" time="0.238">
    <error message="No se pudo leer el Json" type="java.lang.IllegalStateException"><![CDATA[java.lang.IllegalStateException: No se pudo leer el Json
	at com.examen.profesores.repository.ProfesorRepositoryImplJson.read(ProfesorRepositoryImplJson.java:86)
	at com.examen.profesores.repository.ProfesorRepositoryImplJson.<init>(ProfesorRepositoryImplJson.java:22)
	at com.examen.profesores.repository.ProfesorRepositoryJsonImplTest.setUp(ProfesorRepositoryJsonImplTest.java:23)
	at java.base/java.lang.reflect.Method.invoke(Method.java:580)
	at java.base/java.util.ArrayList.forEach(ArrayList.java:1596)
	at java.base/java.util.ArrayList.forEach(ArrayList.java:1596)
Caused by: com.fasterxml.jackson.databind.exc.MismatchedInputException: Cannot deserialize value of type `com.examen.profesores.model.Profesores` from Array value (token `JsonToken.START_ARRAY`)
 at [Source: REDACTED (`StreamReadFeature.INCLUDE_SOURCE_IN_LOCATION` disabled); line: 1, column: 1]
	at com.fasterxml.jackson.databind.exc.MismatchedInputException.from(MismatchedInputException.java:59)
	at com.fasterxml.jackson.databind.DeserializationContext.reportInputMismatch(DeserializationContext.java:1767)
	at com.fasterxml.jackson.databind.DeserializationContext.handleUnexpectedToken(DeserializationContext.java:1541)
	at com.fasterxml.jackson.databind.DeserializationContext.handleUnexpectedToken(DeserializationContext.java:1488)
	at com.fasterxml.jackson.databind.deser.BeanDeserializer._deserializeFromArray(BeanDeserializer.java:660)
	at com.fasterxml.jackson.databind.deser.BeanDeserializer._deserializeOther(BeanDeserializer.java:211)
	at com.fasterxml.jackson.databind.deser.BeanDeserializer.deserialize(BeanDeserializer.java:187)
	at com.fasterxml.jackson.databind.deser.DefaultDeserializationContext.readRootValue(DefaultDeserializationContext.java:342)
	at com.fasterxml.jackson.databind.ObjectMapper._readMapAndClose(ObjectMapper.java:4905)
	at com.fasterxml.jackson.databind.ObjectMapper.readValue(ObjectMapper.java:3713)
	at com.examen.profesores.repository.ProfesorRepositoryImplJson.read(ProfesorRepositoryImplJson.java:84)
	... 5 more
]]></error>
  </testcase>
  <testcase name="compruebaExistenciaPorIdTest" classname="com.examen.profesores.repository.ProfesorRepositoryJsonImplTest" time="0.007">
    <error message="No se pudo leer el Json" type="java.lang.IllegalStateException"><![CDATA[java.lang.IllegalStateException: No se pudo leer el Json
	at com.examen.profesores.repository.ProfesorRepositoryImplJson.read(ProfesorRepositoryImplJson.java:86)
	at com.examen.profesores.repository.ProfesorRepositoryImplJson.<init>(ProfesorRepositoryImplJson.java:22)
	at com.examen.profesores.repository.ProfesorRepositoryJsonImplTest.setUp(ProfesorRepositoryJsonImplTest.java:23)
	at java.base/java.lang.reflect.Method.invoke(Method.java:580)
	at java.base/java.util.ArrayList.forEach(ArrayList.java:1596)
	at java.base/java.util.ArrayList.forEach(ArrayList.java:1596)
Caused by: com.fasterxml.jackson.databind.exc.MismatchedInputException: Cannot deserialize value of type `com.examen.profesores.model.Profesores` from Array value (token `JsonToken.START_ARRAY`)
 at [Source: REDACTED (`StreamReadFeature.INCLUDE_SOURCE_IN_LOCATION` disabled); line: 1, column: 1]
	at com.fasterxml.jackson.databind.exc.MismatchedInputException.from(MismatchedInputException.java:59)
	at com.fasterxml.jackson.databind.DeserializationContext.reportInputMismatch(DeserializationContext.java:1767)
	at com.fasterxml.jackson.databind.DeserializationContext.handleUnexpectedToken(DeserializationContext.java:1541)
	at com.fasterxml.jackson.databind.DeserializationContext.handleUnexpectedToken(DeserializationContext.java:1488)
	at com.fasterxml.jackson.databind.deser.BeanDeserializer._deserializeFromArray(BeanDeserializer.java:660)
	at com.fasterxml.jackson.databind.deser.BeanDeserializer._deserializeOther(BeanDeserializer.java:211)
	at com.fasterxml.jackson.databind.deser.BeanDeserializer.deserialize(BeanDeserializer.java:187)
	at com.fasterxml.jackson.databind.deser.DefaultDeserializationContext.readRootValue(DefaultDeserializationContext.java:342)
	at com.fasterxml.jackson.databind.ObjectMapper._readMapAndClose(ObjectMapper.java:4905)
	at com.fasterxml.jackson.databind.ObjectMapper.readValue(ObjectMapper.java:3713)
	at com.examen.profesores.repository.ProfesorRepositoryImplJson.read(ProfesorRepositoryImplJson.java:84)
	... 5 more
]]></error>
  </testcase>
  <testcase name="eliminaProfesorExistentePorIdTest" classname="com.examen.profesores.repository.ProfesorRepositoryJsonImplTest" time="0.006">
    <error message="No se pudo leer el Json" type="java.lang.IllegalStateException"><![CDATA[java.lang.IllegalStateException: No se pudo leer el Json
	at com.examen.profesores.repository.ProfesorRepositoryImplJson.read(ProfesorRepositoryImplJson.java:86)
	at com.examen.profesores.repository.ProfesorRepositoryImplJson.<init>(ProfesorRepositoryImplJson.java:22)
	at com.examen.profesores.repository.ProfesorRepositoryJsonImplTest.setUp(ProfesorRepositoryJsonImplTest.java:23)
	at java.base/java.lang.reflect.Method.invoke(Method.java:580)
	at java.base/java.util.ArrayList.forEach(ArrayList.java:1596)
	at java.base/java.util.ArrayList.forEach(ArrayList.java:1596)
Caused by: com.fasterxml.jackson.databind.exc.MismatchedInputException: Cannot deserialize value of type `com.examen.profesores.model.Profesores` from Array value (token `JsonToken.START_ARRAY`)
 at [Source: REDACTED (`StreamReadFeature.INCLUDE_SOURCE_IN_LOCATION` disabled); line: 1, column: 1]
	at com.fasterxml.jackson.databind.exc.MismatchedInputException.from(MismatchedInputException.java:59)
	at com.fasterxml.jackson.databind.DeserializationContext.reportInputMismatch(DeserializationContext.java:1767)
	at com.fasterxml.jackson.databind.DeserializationContext.handleUnexpectedToken(DeserializationContext.java:1541)
	at com.fasterxml.jackson.databind.DeserializationContext.handleUnexpectedToken(DeserializationContext.java:1488)
	at com.fasterxml.jackson.databind.deser.BeanDeserializer._deserializeFromArray(BeanDeserializer.java:660)
	at com.fasterxml.jackson.databind.deser.BeanDeserializer._deserializeOther(BeanDeserializer.java:211)
	at com.fasterxml.jackson.databind.deser.BeanDeserializer.deserialize(BeanDeserializer.java:187)
	at com.fasterxml.jackson.databind.deser.DefaultDeserializationContext.readRootValue(DefaultDeserializationContext.java:342)
	at com.fasterxml.jackson.databind.ObjectMapper._readMapAndClose(ObjectMapper.java:4905)
	at com.fasterxml.jackson.databind.ObjectMapper.readValue(ObjectMapper.java:3713)
	at com.examen.profesores.repository.ProfesorRepositoryImplJson.read(ProfesorRepositoryImplJson.java:84)
	... 5 more
]]></error>
  </testcase>
  <testcase name="guardaProfesorNuevoTest" classname="com.examen.profesores.repository.ProfesorRepositoryJsonImplTest" time="0.006">
    <error message="No se pudo leer el Json" type="java.lang.IllegalStateException"><![CDATA[java.lang.IllegalStateException: No se pudo leer el Json
	at com.examen.profesores.repository.ProfesorRepositoryImplJson.read(ProfesorRepositoryImplJson.java:86)
	at com.examen.profesores.repository.ProfesorRepositoryImplJson.<init>(ProfesorRepositoryImplJson.java:22)
	at com.examen.profesores.repository.ProfesorRepositoryJsonImplTest.setUp(ProfesorRepositoryJsonImplTest.java:23)
	at java.base/java.lang.reflect.Method.invoke(Method.java:580)
	at java.base/java.util.ArrayList.forEach(ArrayList.java:1596)
	at java.base/java.util.ArrayList.forEach(ArrayList.java:1596)
Caused by: com.fasterxml.jackson.databind.exc.MismatchedInputException: Cannot deserialize value of type `com.examen.profesores.model.Profesores` from Array value (token `JsonToken.START_ARRAY`)
 at [Source: REDACTED (`StreamReadFeature.INCLUDE_SOURCE_IN_LOCATION` disabled); line: 1, column: 1]
	at com.fasterxml.jackson.databind.exc.MismatchedInputException.from(MismatchedInputException.java:59)
	at com.fasterxml.jackson.databind.DeserializationContext.reportInputMismatch(DeserializationContext.java:1767)
	at com.fasterxml.jackson.databind.DeserializationContext.handleUnexpectedToken(DeserializationContext.java:1541)
	at com.fasterxml.jackson.databind.DeserializationContext.handleUnexpectedToken(DeserializationContext.java:1488)
	at com.fasterxml.jackson.databind.deser.BeanDeserializer._deserializeFromArray(BeanDeserializer.java:660)
	at com.fasterxml.jackson.databind.deser.BeanDeserializer._deserializeOther(BeanDeserializer.java:211)
	at com.fasterxml.jackson.databind.deser.BeanDeserializer.deserialize(BeanDeserializer.java:187)
	at com.fasterxml.jackson.databind.deser.DefaultDeserializationContext.readRootValue(DefaultDeserializationContext.java:342)
	at com.fasterxml.jackson.databind.ObjectMapper._readMapAndClose(ObjectMapper.java:4905)
	at com.fasterxml.jackson.databind.ObjectMapper.readValue(ObjectMapper.java:3713)
	at com.examen.profesores.repository.ProfesorRepositoryImplJson.read(ProfesorRepositoryImplJson.java:84)
	... 5 more
]]></error>
  </testcase>
  <testcase name="recuperaProfesorPorIdTest" classname="com.examen.profesores.repository.ProfesorRepositoryJsonImplTest" time="0.005">
    <error message="No se pudo leer el Json" type="java.lang.IllegalStateException"><![CDATA[java.lang.IllegalStateException: No se pudo leer el Json
	at com.examen.profesores.repository.ProfesorRepositoryImplJson.read(ProfesorRepositoryImplJson.java:86)
	at com.examen.profesores.repository.ProfesorRepositoryImplJson.<init>(ProfesorRepositoryImplJson.java:22)
	at com.examen.profesores.repository.ProfesorRepositoryJsonImplTest.setUp(ProfesorRepositoryJsonImplTest.java:23)
	at java.base/java.lang.reflect.Method.invoke(Method.java:580)
	at java.base/java.util.ArrayList.forEach(ArrayList.java:1596)
	at java.base/java.util.ArrayList.forEach(ArrayList.java:1596)
Caused by: com.fasterxml.jackson.databind.exc.MismatchedInputException: Cannot deserialize value of type `com.examen.profesores.model.Profesores` from Array value (token `JsonToken.START_ARRAY`)
 at [Source: REDACTED (`StreamReadFeature.INCLUDE_SOURCE_IN_LOCATION` disabled); line: 1, column: 1]
	at com.fasterxml.jackson.databind.exc.MismatchedInputException.from(MismatchedInputException.java:59)
	at com.fasterxml.jackson.databind.DeserializationContext.reportInputMismatch(DeserializationContext.java:1767)
	at com.fasterxml.jackson.databind.DeserializationContext.handleUnexpectedToken(DeserializationContext.java:1541)
	at com.fasterxml.jackson.databind.DeserializationContext.handleUnexpectedToken(DeserializationContext.java:1488)
	at com.fasterxml.jackson.databind.deser.BeanDeserializer._deserializeFromArray(BeanDeserializer.java:660)
	at com.fasterxml.jackson.databind.deser.BeanDeserializer._deserializeOther(BeanDeserializer.java:211)
	at com.fasterxml.jackson.databind.deser.BeanDeserializer.deserialize(BeanDeserializer.java:187)
	at com.fasterxml.jackson.databind.deser.DefaultDeserializationContext.readRootValue(DefaultDeserializationContext.java:342)
	at com.fasterxml.jackson.databind.ObjectMapper._readMapAndClose(ObjectMapper.java:4905)
	at com.fasterxml.jackson.databind.ObjectMapper.readValue(ObjectMapper.java:3713)
	at com.examen.profesores.repository.ProfesorRepositoryImplJson.read(ProfesorRepositoryImplJson.java:84)
	... 5 more
]]></error>
  </testcase>
  <testcase name="actualizaDepartamentoTest" classname="com.examen.profesores.repository.ProfesorRepositoryJsonImplTest" time="0.007">
    <error message="No se pudo leer el Json" type="java.lang.IllegalStateException"><![CDATA[java.lang.IllegalStateException: No se pudo leer el Json
	at com.examen.profesores.repository.ProfesorRepositoryImplJson.read(ProfesorRepositoryImplJson.java:86)
	at com.examen.profesores.repository.ProfesorRepositoryImplJson.<init>(ProfesorRepositoryImplJson.java:22)
	at com.examen.profesores.repository.ProfesorRepositoryJsonImplTest.setUp(ProfesorRepositoryJsonImplTest.java:23)
	at java.base/java.lang.reflect.Method.invoke(Method.java:580)
	at java.base/java.util.ArrayList.forEach(ArrayList.java:1596)
	at java.base/java.util.ArrayList.forEach(ArrayList.java:1596)
Caused by: com.fasterxml.jackson.databind.exc.MismatchedInputException: Cannot deserialize value of type `com.examen.profesores.model.Profesores` from Array value (token `JsonToken.START_ARRAY`)
 at [Source: REDACTED (`StreamReadFeature.INCLUDE_SOURCE_IN_LOCATION` disabled); line: 1, column: 1]
	at com.fasterxml.jackson.databind.exc.MismatchedInputException.from(MismatchedInputException.java:59)
	at com.fasterxml.jackson.databind.DeserializationContext.reportInputMismatch(DeserializationContext.java:1767)
	at com.fasterxml.jackson.databind.DeserializationContext.handleUnexpectedToken(DeserializationContext.java:1541)
	at com.fasterxml.jackson.databind.DeserializationContext.handleUnexpectedToken(DeserializationContext.java:1488)
	at com.fasterxml.jackson.databind.deser.BeanDeserializer._deserializeFromArray(BeanDeserializer.java:660)
	at com.fasterxml.jackson.databind.deser.BeanDeserializer._deserializeOther(BeanDeserializer.java:211)
	at com.fasterxml.jackson.databind.deser.BeanDeserializer.deserialize(BeanDeserializer.java:187)
	at com.fasterxml.jackson.databind.deser.DefaultDeserializationContext.readRootValue(DefaultDeserializationContext.java:342)
	at com.fasterxml.jackson.databind.ObjectMapper._readMapAndClose(ObjectMapper.java:4905)
	at com.fasterxml.jackson.databind.ObjectMapper.readValue(ObjectMapper.java:3713)
	at com.examen.profesores.repository.ProfesorRepositoryImplJson.read(ProfesorRepositoryImplJson.java:84)
	... 5 more
]]></error>
  </testcase>
</testsuite>