<?xml version="1.0" encoding="UTF-8"?>
<testsuite xmlns:xsi="http://www.w3.org/2001/XMLSchema-instance" xsi:noNamespaceSchemaLocation="https://maven.apache.org/surefire/maven-surefire-plugin/xsd/surefire-test-report-3.0.xsd" version="3.0" name="com.ejemplo.centro.service.B01CentroServiceImplTest" time="0.079" tests="20" errors="20" skipped="0" failures="0">
  <properties>
[...]
</properties>
  <testcase name="servicioBuscaProfesorExistenteTest" classname="com.ejemplo.centro.service.B01CentroServiceImplTest" time="0.006">
    <error message="Unimplemented method &apos;buscarProfesor&apos;" type="java.lang.UnsupportedOperationException"><![CDATA[java.lang.UnsupportedOperationException: Unimplemented method 'buscarProfesor'
	at com.ejemplo.centro.service.CentroServiceImpl.buscarProfesor(CentroServiceImpl.java:26)
	at com.ejemplo.centro.service.B01CentroServiceImplTest.servicioBuscaProfesorExistenteTest(B01CentroServiceImplTest.java:37)
	at java.base/java.lang.reflect.Method.invoke(Method.java:569)
	at java.base/java.util.ArrayList.forEach(ArrayList.java:1511)
	at java.base/java.util.ArrayList.forEach(ArrayList.java:1511)
]]></error>
  </testcase>
  <testcase name="servicioNoEncuentraProfesorInexistenteTest" classname="com.ejemplo.centro.service.B01CentroServiceImplTest" time="0.004">
    <error message="Unimplemented method &apos;buscarProfesor&apos;" type="java.lang.UnsupportedOperationException"><![CDATA[java.lang.UnsupportedOperationException: Unimplemented method 'buscarProfesor'
	at com.ejemplo.centro.service.CentroServiceImpl.buscarProfesor(CentroServiceImpl.java:26)
	at com.ejemplo.centro.service.B01CentroServiceImplTest.servicioNoEncuentraProfesorInexistenteTest(B01CentroServiceImplTest.java:44)
	at java.base/java.lang.reflect.Method.invoke(Method.java:569)
	at java.base/java.util.ArrayList.forEach(ArrayList.java:1511)
	at java.base/java.util.ArrayList.forEach(ArrayList.java:1511)
]]></error>
  </testcase>
  <testcase name="servicioNoBuscaProfesorConIdBlankTest" classname="com.ejemplo.centro.service.B01CentroServiceImplTest" time="0.006">
    <error message="Unimplemented method &apos;buscarProfesor&apos;" type="java.lang.UnsupportedOperationException"><![CDATA[java.lang.UnsupportedOperationException: Unimplemented method 'buscarProfesor'
	at com.ejemplo.centro.service.CentroServiceImpl.buscarProfesor(CentroServiceImpl.java:26)
	at com.ejemplo.centro.service.B01CentroServiceImplTest.servicioNoBuscaProfesorConIdBlankTest(B01CentroServiceImplTest.java:49)
	at java.base/java.lang.reflect.Method.invoke(Method.java:569)
	at java.base/java.util.ArrayList.forEach(ArrayList.java:1511)
	at java.base/java.util.ArrayList.forEach(ArrayList.java:1511)
]]></error>
  </testcase>
  <testcase name="servicioBuscaModuloExistenteTest" classname="com.ejemplo.centro.service.B01CentroServiceImplTest" time="0.005">
    <error message="Unimplemented method &apos;buscarModulo&apos;" type="java.lang.UnsupportedOperationException"><![CDATA[java.lang.UnsupportedOperationException: Unimplemented method 'buscarModulo'
	at com.ejemplo.centro.service.CentroServiceImpl.buscarModulo(CentroServiceImpl.java:32)
	at com.ejemplo.centro.service.B01CentroServiceImplTest.servicioBuscaModuloExistenteTest(B01CentroServiceImplTest.java:54)
	at java.base/java.lang.reflect.Method.invoke(Method.java:569)
	at java.base/java.util.ArrayList.forEach(ArrayList.java:1511)
	at java.base/java.util.ArrayList.forEach(ArrayList.java:1511)
]]></error>
  </testcase>
  <testcase name="servicioListaDosModulosDeProfesorTest" classname="com.ejemplo.centro.service.B01CentroServiceImplTest" time="0.004">
    <error message="Unimplemented method &apos;listarModulosDeProfesor&apos;" type="java.lang.UnsupportedOperationException"><![CDATA[java.lang.UnsupportedOperationException: Unimplemented method 'listarModulosDeProfesor'
	at com.ejemplo.centro.service.CentroServiceImpl.listarModulosDeProfesor(CentroServiceImpl.java:38)
	at com.ejemplo.centro.service.B01CentroServiceImplTest.servicioListaDosModulosDeProfesorTest(B01CentroServiceImplTest.java:61)
	at java.base/java.lang.reflect.Method.invoke(Method.java:569)
	at java.base/java.util.ArrayList.forEach(ArrayList.java:1511)
	at java.base/java.util.ArrayList.forEach(ArrayList.java:1511)
]]></error>
  </testcase>
  <testcase name="servicioListaVaciaDeModulosSiProfesorNoExisteTest" classname="com.ejemplo.centro.service.B01CentroServiceImplTest" time="0.004">
    <error message="Unimplemented method &apos;listarModulosDeProfesor&apos;" type="java.lang.UnsupportedOperationException"><![CDATA[java.lang.UnsupportedOperationException: Unimplemented method 'listarModulosDeProfesor'
	at com.ejemplo.centro.service.CentroServiceImpl.listarModulosDeProfesor(CentroServiceImpl.java:38)
	at com.ejemplo.centro.service.B01CentroServiceImplTest.servicioListaVaciaDeModulosSiProfesorNoExisteTest(B01CentroServiceImplTest.java:66)
	at java.base/java.lang.reflect.Method.invoke(Method.java:569)
	at java.base/java.util.ArrayList.forEach(ArrayList.java:1511)
	at java.base/java.util.ArrayList.forEach(ArrayList.java:1511)
]]></error>
  </testcase>
  <testcase name="servicioRegistraEvaluacionValidaTest" classname="com.ejemplo.centro.service.B01CentroServiceImplTest" time="0.003">
    <error message="Unimplemented method &apos;registrarEvaluacion&apos;" type="java.lang.UnsupportedOperationException"><![CDATA[java.lang.UnsupportedOperationException: Unimplemented method 'registrarEvaluacion'
	at com.ejemplo.centro.service.CentroServiceImpl.registrarEvaluacion(CentroServiceImpl.java:44)
	at com.ejemplo.centro.service.B01CentroServiceImplTest.servicioRegistraEvaluacionValidaTest(B01CentroServiceImplTest.java:71)
	at java.base/java.lang.reflect.Method.invoke(Method.java:569)
	at java.base/java.util.ArrayList.forEach(ArrayList.java:1511)
	at java.base/java.util.ArrayList.forEach(ArrayList.java:1511)
]]></error>
  </testcase>
  <testcase name="servicioRegistraEvaluacionRecortandoEspaciosTest" classname="com.ejemplo.centro.service.B01CentroServiceImplTest" time="0.003">
    <error message="Unimplemented method &apos;registrarEvaluacion&apos;" type="java.lang.UnsupportedOperationException"><![CDATA[java.lang.UnsupportedOperationException: Unimplemented method 'registrarEvaluacion'
	at com.ejemplo.centro.service.CentroServiceImpl.registrarEvaluacion(CentroServiceImpl.java:44)
	at com.ejemplo.centro.service.B01CentroServiceImplTest.servicioRegistraEvaluacionRecortandoEspaciosTest(B01CentroServiceImplTest.java:78)
	at java.base/java.lang.reflect.Method.invoke(Method.java:569)
	at java.base/java.util.ArrayList.forEach(ArrayList.java:1511)
	at java.base/java.util.ArrayList.forEach(ArrayList.java:1511)
]]></error>
  </testcase>
  <testcase name="servicioRechazaEvaluacionDeModuloInexistenteTest" classname="com.ejemplo.centro.service.B01CentroServiceImplTest" time="0.003">
    <error message="Unimplemented method &apos;registrarEvaluacion&apos;" type="java.lang.UnsupportedOperationException"><![CDATA[java.lang.UnsupportedOperationException: Unimplemented method 'registrarEvaluacion'
	at com.ejemplo.centro.service.CentroServiceImpl.registrarEvaluacion(CentroServiceImpl.java:44)
	at com.ejemplo.centro.service.B01CentroServiceImplTest.servicioRechazaEvaluacionDeModuloInexistenteTest(B01CentroServiceImplTest.java:86)
	at java.base/java.lang.reflect.Method.invoke(Method.java:569)
	at java.base/java.util.ArrayList.forEach(ArrayList.java:1511)
	at java.base/java.util.ArrayList.forEach(ArrayList.java:1511)
]]></error>
  </testcase>
  <testcase name="servicioRechazaEvaluacionConAlumnoBlankTest" classname="com.ejemplo.centro.service.B01CentroServiceImplTest" time="0.003">
    <error message="Unimplemented method &apos;registrarEvaluacion&apos;" type="java.lang.UnsupportedOperationException"><![CDATA[java.lang.UnsupportedOperationException: Unimplemented method 'registrarEvaluacion'
	at com.ejemplo.centro.service.CentroServiceImpl.registrarEvaluacion(CentroServiceImpl.java:44)
	at com.ejemplo.centro.service.B01CentroServiceImplTest.servicioRechazaEvaluacionConAlumnoBlankTest(B01CentroServiceImplTest.java:91)
	at java.base/java.lang.reflect.Method.invoke(Method.java:569)
	at java.base/java.util.ArrayList.forEach(ArrayList.java:1511)
	at java.base/java.util.ArrayList.forEach(ArrayList.java:1511)
]]></error>
  </testcase>
  <testcase name="servicioRechazaEvaluacionConNotaMayorQueDiezTest" classname="com.ejemplo.centro.service.B01CentroServiceImplTest" time="0.004">
    <error message="Unimplemented method &apos;registrarEvaluacion&apos;" type="java.lang.UnsupportedOperationException"><![CDATA[java.lang.UnsupportedOperationException: Unimplemented method 'registrarEvaluacion'
	at com.ejemplo.centro.service.CentroServiceImpl.registrarEvaluacion(CentroServiceImpl.java:44)
	at com.ejemplo.centro.service.B01CentroServiceImplTest.servicioRechazaEvaluacionConNotaMayorQueDiezTest(B01CentroServiceImplTest.java:96)
	at java.base/java.lang.reflect.Method.invoke(Method.java:569)
	at java.base/java.util.ArrayList.forEach(ArrayList.java:1511)
	at java.base/java.util.ArrayList.forEach(ArrayList.java:1511)
]]></error>
  </testcase>
  <testcase name="servicioListaEvaluacionesDeModuloExistenteTest" classname="com.ejemplo.centro.service.B01CentroServiceImplTest" time="0.004">
    <error message="Unimplemented method &apos;listarEvaluacionesDeModulo&apos;" type="java.lang.UnsupportedOperationException"><![CDATA[java.lang.UnsupportedOperationException: Unimplemented method 'listarEvaluacionesDeModulo'
	at com.ejemplo.centro.service.CentroServiceImpl.listarEvaluacionesDeModulo(CentroServiceImpl.java:50)
	at com.ejemplo.centro.service.B01CentroServiceImplTest.servicioListaEvaluacionesDeModuloExistenteTest(B01CentroServiceImplTest.java:101)
	at java.base/java.lang.reflect.Method.invoke(Method.java:569)
	at java.base/java.util.ArrayList.forEach(ArrayList.java:1511)
	at java.base/java.util.ArrayList.forEach(ArrayList.java:1511)
]]></error>
  </testcase>
  <testcase name="servicioCalculaMediaCorrectaDeModuloTest" classname="com.ejemplo.centro.service.B01CentroServiceImplTest" time="0.003">
    <error message="Unimplemented method &apos;calcularMediaDeModulo&apos;" type="java.lang.UnsupportedOperationException"><![CDATA[java.lang.UnsupportedOperationException: Unimplemented method 'calcularMediaDeModulo'
	at com.ejemplo.centro.service.CentroServiceImpl.calcularMediaDeModulo(CentroServiceImpl.java:56)
	at com.ejemplo.centro.service.B01CentroServiceImplTest.servicioCalculaMediaCorrectaDeModuloTest(B01CentroServiceImplTest.java:106)
	at java.base/java.lang.reflect.Method.invoke(Method.java:569)
	at java.base/java.util.ArrayList.forEach(ArrayList.java:1511)
	at java.base/java.util.ArrayList.forEach(ArrayList.java:1511)
]]></error>
  </testcase>
  <testcase name="servicioCalculaMediaCorrectaDeProfesorTest" classname="com.ejemplo.centro.service.B01CentroServiceImplTest" time="0.002">
    <error message="Unimplemented method &apos;calcularMediaDeProfesor&apos;" type="java.lang.UnsupportedOperationException"><![CDATA[java.lang.UnsupportedOperationException: Unimplemented method 'calcularMediaDeProfesor'
	at com.ejemplo.centro.service.CentroServiceImpl.calcularMediaDeProfesor(CentroServiceImpl.java:62)
	at com.ejemplo.centro.service.B01CentroServiceImplTest.servicioCalculaMediaCorrectaDeProfesorTest(B01CentroServiceImplTest.java:111)
	at java.base/java.lang.reflect.Method.invoke(Method.java:569)
	at java.base/java.util.ArrayList.forEach(ArrayList.java:1511)
	at java.base/java.util.ArrayList.forEach(ArrayList.java:1511)
]]></error>
  </testcase>
  <testcase name="servicioRegistraIncidenciaValidaTest" classname="com.ejemplo.centro.service.B01CentroServiceImplTest" time="0.003">
    <error message="Unimplemented method &apos;registrarIncidencia&apos;" type="java.lang.UnsupportedOperationException"><![CDATA[java.lang.UnsupportedOperationException: Unimplemented method 'registrarIncidencia'
	at com.ejemplo.centro.service.CentroServiceImpl.registrarIncidencia(CentroServiceImpl.java:68)
	at com.ejemplo.centro.service.B01CentroServiceImplTest.servicioRegistraIncidenciaValidaTest(B01CentroServiceImplTest.java:116)
	at java.base/java.lang.reflect.Method.invoke(Method.java:569)
	at java.base/java.util.ArrayList.forEach(ArrayList.java:1511)
	at java.base/java.util.ArrayList.forEach(ArrayList.java:1511)
]]></error>
  </testcase>
  <testcase name="servicioRechazaIncidenciaDeProfesorInexistenteTest" classname="com.ejemplo.centro.service.B01CentroServiceImplTest" time="0.004">
    <error message="Unimplemented method &apos;registrarIncidencia&apos;" type="java.lang.UnsupportedOperationException"><![CDATA[java.lang.UnsupportedOperationException: Unimplemented method 'registrarIncidencia'
	at com.ejemplo.centro.service.CentroServiceImpl.registrarIncidencia(CentroServiceImpl.java:68)
	at com.ejemplo.centro.service.B01CentroServiceImplTest.servicioRechazaIncidenciaDeProfesorInexistenteTest(B01CentroServiceImplTest.java:123)
	at java.base/java.lang.reflect.Method.invoke(Method.java:569)
	at java.base/java.util.ArrayList.forEach(ArrayList.java:1511)
	at java.base/java.util.ArrayList.forEach(ArrayList.java:1511)
]]></error>
  </testcase>
  <testcase name="servicioListaIncidenciasDeProfesorExistenteTest" classname="com.ejemplo.centro.service.B01CentroServiceImplTest" time="0.004">
    <error message="Unimplemented method &apos;listarIncidenciasDeProfesor&apos;" type="java.lang.UnsupportedOperationException"><![CDATA[java.lang.UnsupportedOperationException: Unimplemented method 'listarIncidenciasDeProfesor'
	at com.ejemplo.centro.service.CentroServiceImpl.listarIncidenciasDeProfesor(CentroServiceImpl.java:74)
	at com.ejemplo.centro.service.B01CentroServiceImplTest.servicioListaIncidenciasDeProfesorExistenteTest(B01CentroServiceImplTest.java:128)
	at java.base/java.lang.reflect.Method.invoke(Method.java:569)
	at java.base/java.util.ArrayList.forEach(ArrayList.java:1511)
	at java.base/java.util.ArrayList.forEach(ArrayList.java:1511)
]]></error>
  </testcase>
  <testcase name="servicioSobrescribeEvaluacionDuplicadaTest" classname="com.ejemplo.centro.service.B01CentroServiceImplTest" time="0.003">
    <error message="Unimplemented method &apos;registrarEvaluacion&apos;" type="java.lang.UnsupportedOperationException"><![CDATA[java.lang.UnsupportedOperationException: Unimplemented method 'registrarEvaluacion'
	at com.ejemplo.centro.service.CentroServiceImpl.registrarEvaluacion(CentroServiceImpl.java:44)
	at com.ejemplo.centro.service.B01CentroServiceImplTest.servicioSobrescribeEvaluacionDuplicadaTest(B01CentroServiceImplTest.java:133)
	at java.base/java.lang.reflect.Method.invoke(Method.java:569)
	at java.base/java.util.ArrayList.forEach(ArrayList.java:1511)
	at java.base/java.util.ArrayList.forEach(ArrayList.java:1511)
]]></error>
  </testcase>
  <testcase name="servicioNuevaIncidenciaAumentaListadoTest" classname="com.ejemplo.centro.service.B01CentroServiceImplTest" time="0.003">
    <error message="Unimplemented method &apos;registrarIncidencia&apos;" type="java.lang.UnsupportedOperationException"><![CDATA[java.lang.UnsupportedOperationException: Unimplemented method 'registrarIncidencia'
	at com.ejemplo.centro.service.CentroServiceImpl.registrarIncidencia(CentroServiceImpl.java:68)
	at com.ejemplo.centro.service.B01CentroServiceImplTest.servicioNuevaIncidenciaAumentaListadoTest(B01CentroServiceImplTest.java:141)
	at java.base/java.lang.reflect.Method.invoke(Method.java:569)
	at java.base/java.util.ArrayList.forEach(ArrayList.java:1511)
	at java.base/java.util.ArrayList.forEach(ArrayList.java:1511)
]]></error>
  </testcase>
  <testcase name="servicioBuscarProfesorRecortaEspaciosTest" classname="com.ejemplo.centro.service.B01CentroServiceImplTest" time="0.003">
    <error message="Unimplemented method &apos;buscarProfesor&apos;" type="java.lang.UnsupportedOperationException"><![CDATA[java.lang.UnsupportedOperationException: Unimplemented method 'buscarProfesor'
	at com.ejemplo.centro.service.CentroServiceImpl.buscarProfesor(CentroServiceImpl.java:26)
	at com.ejemplo.centro.service.B01CentroServiceImplTest.servicioBuscarProfesorRecortaEspaciosTest(B01CentroServiceImplTest.java:147)
	at java.base/java.lang.reflect.Method.invoke(Method.java:569)
	at java.base/java.util.ArrayList.forEach(ArrayList.java:1511)
	at java.base/java.util.ArrayList.forEach(ArrayList.java:1511)
]]></error>
  </testcase>
</testsuite>