<?xml version="1.0" encoding="UTF-8"?>
<testsuite xmlns:xsi="http://www.w3.org/2001/XMLSchema-instance" xsi:noNamespaceSchemaLocation="https://maven.apache.org/surefire/maven-surefire-plugin/xsd/surefire-test-report-3.0.xsd" version="3.0" name="com.ejemplo.centro.repository.A01CentroXmlRepositoryImplTest" time="0.266" tests="8" errors="8" skipped="0" failures="0">
  <properties>
[...]
</properties>
  <testcase name="xmlDevuelveTresProfesoresInicialesTest" classname="com.ejemplo.centro.repository.A01CentroXmlRepositoryImplTest" time="0.226">
    <error message="Unimplemented method &apos;findAllProfesores&apos;" type="java.lang.UnsupportedOperationException"><![CDATA[java.lang.UnsupportedOperationException: Unimplemented method 'findAllProfesores'
	at com.ejemplo.centro.repository.CentroXmlRepositoryImpl.findAllProfesores(CentroXmlRepositoryImpl.java:28)
	at com.ejemplo.centro.repository.A01CentroXmlRepositoryImplTest.xmlDevuelveTresProfesoresInicialesTest(A01CentroXmlRepositoryImplTest.java:28)
	at java.base/java.lang.reflect.Method.invoke(Method.java:569)
	at java.base/java.util.ArrayList.forEach(ArrayList.java:1511)
	at java.base/java.util.ArrayList.forEach(ArrayList.java:1511)
]]></error>
  </testcase>
  <testcase name="xmlDevuelveCuatroModulosInicialesTest" classname="com.ejemplo.centro.repository.A01CentroXmlRepositoryImplTest" time="0.004">
    <error message="Unimplemented method &apos;findAllModulos&apos;" type="java.lang.UnsupportedOperationException"><![CDATA[java.lang.UnsupportedOperationException: Unimplemented method 'findAllModulos'
	at com.ejemplo.centro.repository.CentroXmlRepositoryImpl.findAllModulos(CentroXmlRepositoryImpl.java:34)
	at com.ejemplo.centro.repository.A01CentroXmlRepositoryImplTest.xmlDevuelveCuatroModulosInicialesTest(A01CentroXmlRepositoryImplTest.java:33)
	at java.base/java.lang.reflect.Method.invoke(Method.java:569)
	at java.base/java.util.ArrayList.forEach(ArrayList.java:1511)
	at java.base/java.util.ArrayList.forEach(ArrayList.java:1511)
]]></error>
  </testcase>
  <testcase name="xmlRecuperaProfesorExistentePorIdTest" classname="com.ejemplo.centro.repository.A01CentroXmlRepositoryImplTest" time="0.003">
    <error message="Unimplemented method &apos;findProfesorById&apos;" type="java.lang.UnsupportedOperationException"><![CDATA[java.lang.UnsupportedOperationException: Unimplemented method 'findProfesorById'
	at com.ejemplo.centro.repository.CentroXmlRepositoryImpl.findProfesorById(CentroXmlRepositoryImpl.java:40)
	at com.ejemplo.centro.repository.A01CentroXmlRepositoryImplTest.xmlRecuperaProfesorExistentePorIdTest(A01CentroXmlRepositoryImplTest.java:38)
	at java.base/java.lang.reflect.Method.invoke(Method.java:569)
	at java.base/java.util.ArrayList.forEach(ArrayList.java:1511)
	at java.base/java.util.ArrayList.forEach(ArrayList.java:1511)
]]></error>
  </testcase>
  <testcase name="xmlNoRecuperaProfesorInexistentePorIdTest" classname="com.ejemplo.centro.repository.A01CentroXmlRepositoryImplTest" time="0.003">
    <error message="Unimplemented method &apos;findProfesorById&apos;" type="java.lang.UnsupportedOperationException"><![CDATA[java.lang.UnsupportedOperationException: Unimplemented method 'findProfesorById'
	at com.ejemplo.centro.repository.CentroXmlRepositoryImpl.findProfesorById(CentroXmlRepositoryImpl.java:40)
	at com.ejemplo.centro.repository.A01CentroXmlRepositoryImplTest.xmlNoRecuperaProfesorInexistentePorIdTest(A01CentroXmlRepositoryImplTest.java:45)
	at java.base/java.lang.reflect.Method.invoke(Method.java:569)
	at java.base/java.util.ArrayList.forEach(ArrayList.java:1511)
	at java.base/java.util.ArrayList.forEach(ArrayList.java:1511)
]]></error>
  </testcase>
  <testcase name="xmlRecuperaModuloExistentePorIdTest" classname="com.ejemplo.centro.repository.A01CentroXmlRepositoryImplTest" time="0.004">
    <error message="Unimplemented method &apos;findModuloById&apos;" type="java.lang.UnsupportedOperationException"><![CDATA[java.lang.UnsupportedOperationException: Unimplemented method 'findModuloById'
	at com.ejemplo.centro.repository.CentroXmlRepositoryImpl.findModuloById(CentroXmlRepositoryImpl.java:46)
	at com.ejemplo.centro.repository.A01CentroXmlRepositoryImplTest.xmlRecuperaModuloExistentePorIdTest(A01CentroXmlRepositoryImplTest.java:50)
	at java.base/java.lang.reflect.Method.invoke(Method.java:569)
	at java.base/java.util.ArrayList.forEach(ArrayList.java:1511)
	at java.base/java.util.ArrayList.forEach(ArrayList.java:1511)
]]></error>
  </testcase>
  <testcase name="xmlNoRecuperaModuloInexistentePorIdTest" classname="com.ejemplo.centro.repository.A01CentroXmlRepositoryImplTest" time="0.004">
    <error message="Unimplemented method &apos;findModuloById&apos;" type="java.lang.UnsupportedOperationException"><![CDATA[java.lang.UnsupportedOperationException: Unimplemented method 'findModuloById'
	at com.ejemplo.centro.repository.CentroXmlRepositoryImpl.findModuloById(CentroXmlRepositoryImpl.java:46)
	at com.ejemplo.centro.repository.A01CentroXmlRepositoryImplTest.xmlNoRecuperaModuloInexistentePorIdTest(A01CentroXmlRepositoryImplTest.java:57)
	at java.base/java.lang.reflect.Method.invoke(Method.java:569)
	at java.base/java.util.ArrayList.forEach(ArrayList.java:1511)
	at java.base/java.util.ArrayList.forEach(ArrayList.java:1511)
]]></error>
  </testcase>
  <testcase name="xmlFindAllProfesoresDevuelveCopiaDefensivaTest" classname="com.ejemplo.centro.repository.A01CentroXmlRepositoryImplTest" time="0.003">
    <error message="Unimplemented method &apos;findAllProfesores&apos;" type="java.lang.UnsupportedOperationException"><![CDATA[java.lang.UnsupportedOperationException: Unimplemented method 'findAllProfesores'
	at com.ejemplo.centro.repository.CentroXmlRepositoryImpl.findAllProfesores(CentroXmlRepositoryImpl.java:28)
	at com.ejemplo.centro.repository.A01CentroXmlRepositoryImplTest.xmlFindAllProfesoresDevuelveCopiaDefensivaTest(A01CentroXmlRepositoryImplTest.java:62)
	at java.base/java.lang.reflect.Method.invoke(Method.java:569)
	at java.base/java.util.ArrayList.forEach(ArrayList.java:1511)
	at java.base/java.util.ArrayList.forEach(ArrayList.java:1511)
]]></error>
  </testcase>
  <testcase name="xmlFindAllModulosDevuelveCopiaDefensivaTest" classname="com.ejemplo.centro.repository.A01CentroXmlRepositoryImplTest" time="0.003">
    <error message="Unimplemented method &apos;findAllModulos&apos;" type="java.lang.UnsupportedOperationException"><![CDATA[java.lang.UnsupportedOperationException: Unimplemented method 'findAllModulos'
	at com.ejemplo.centro.repository.CentroXmlRepositoryImpl.findAllModulos(CentroXmlRepositoryImpl.java:34)
	at com.ejemplo.centro.repository.A01CentroXmlRepositoryImplTest.xmlFindAllModulosDevuelveCopiaDefensivaTest(A01CentroXmlRepositoryImplTest.java:69)
	at java.base/java.lang.reflect.Method.invoke(Method.java:569)
	at java.base/java.util.ArrayList.forEach(ArrayList.java:1511)
	at java.base/java.util.ArrayList.forEach(ArrayList.java:1511)
]]></error>
  </testcase>
</testsuite>