<?xml version="1.0" encoding="UTF-8"?>
<testsuite xmlns:xsi="http://www.w3.org/2001/XMLSchema-instance" xsi:noNamespaceSchemaLocation="https://maven.apache.org/surefire/maven-surefire-plugin/xsd/surefire-test-report-3.0.xsd" version="3.0" name="com.ejemplo.centro.repository.A02EstadoJsonRepositoryImplTest" time="0.033" tests="12" errors="12" skipped="0" failures="0">
  <properties>
[...]
</properties>
  <testcase name="jsonDevuelveSeisEvaluacionesInicialesTest" classname="com.ejemplo.centro.repository.A02EstadoJsonRepositoryImplTest" time="0.005">
    <error message="Unimplemented method &apos;findAllEvaluaciones&apos;" type="java.lang.UnsupportedOperationException"><![CDATA[java.lang.UnsupportedOperationException: Unimplemented method 'findAllEvaluaciones'
	at com.ejemplo.centro.repository.EstadoJsonRepositoryImpl.findAllEvaluaciones(EstadoJsonRepositoryImpl.java:34)
	at com.ejemplo.centro.repository.A02EstadoJsonRepositoryImplTest.jsonDevuelveSeisEvaluacionesInicialesTest(A02EstadoJsonRepositoryImplTest.java:28)
	at java.base/java.lang.reflect.Method.invoke(Method.java:569)
	at java.base/java.util.ArrayList.forEach(ArrayList.java:1511)
	at java.base/java.util.ArrayList.forEach(ArrayList.java:1511)
]]></error>
  </testcase>
  <testcase name="jsonDevuelveCuatroIncidenciasInicialesTest" classname="com.ejemplo.centro.repository.A02EstadoJsonRepositoryImplTest" time="0.002">
    <error message="Unimplemented method &apos;findAllIncidencias&apos;" type="java.lang.UnsupportedOperationException"><![CDATA[java.lang.UnsupportedOperationException: Unimplemented method 'findAllIncidencias'
	at com.ejemplo.centro.repository.EstadoJsonRepositoryImpl.findAllIncidencias(EstadoJsonRepositoryImpl.java:52)
	at com.ejemplo.centro.repository.A02EstadoJsonRepositoryImplTest.jsonDevuelveCuatroIncidenciasInicialesTest(A02EstadoJsonRepositoryImplTest.java:33)
	at java.base/java.lang.reflect.Method.invoke(Method.java:569)
	at java.base/java.util.ArrayList.forEach(ArrayList.java:1511)
	at java.base/java.util.ArrayList.forEach(ArrayList.java:1511)
]]></error>
  </testcase>
  <testcase name="jsonGuardaNuevaEvaluacionTest" classname="com.ejemplo.centro.repository.A02EstadoJsonRepositoryImplTest" time="0.002">
    <error message="Unimplemented method &apos;saveEvaluacion&apos;" type="java.lang.UnsupportedOperationException"><![CDATA[java.lang.UnsupportedOperationException: Unimplemented method 'saveEvaluacion'
	at com.ejemplo.centro.repository.EstadoJsonRepositoryImpl.saveEvaluacion(EstadoJsonRepositoryImpl.java:28)
	at com.ejemplo.centro.repository.A02EstadoJsonRepositoryImplTest.jsonGuardaNuevaEvaluacionTest(A02EstadoJsonRepositoryImplTest.java:38)
	at java.base/java.lang.reflect.Method.invoke(Method.java:569)
	at java.base/java.util.ArrayList.forEach(ArrayList.java:1511)
	at java.base/java.util.ArrayList.forEach(ArrayList.java:1511)
]]></error>
  </testcase>
  <testcase name="jsonSobrescribeEvaluacionDuplicadaPorAlumnoYModuloTest" classname="com.ejemplo.centro.repository.A02EstadoJsonRepositoryImplTest" time="0.002">
    <error message="Unimplemented method &apos;saveEvaluacion&apos;" type="java.lang.UnsupportedOperationException"><![CDATA[java.lang.UnsupportedOperationException: Unimplemented method 'saveEvaluacion'
	at com.ejemplo.centro.repository.EstadoJsonRepositoryImpl.saveEvaluacion(EstadoJsonRepositoryImpl.java:28)
	at com.ejemplo.centro.repository.A02EstadoJsonRepositoryImplTest.jsonSobrescribeEvaluacionDuplicadaPorAlumnoYModuloTest(A02EstadoJsonRepositoryImplTest.java:44)
	at java.base/java.lang.reflect.Method.invoke(Method.java:569)
	at java.base/java.util.ArrayList.forEach(ArrayList.java:1511)
	at java.base/java.util.ArrayList.forEach(ArrayList.java:1511)
]]></error>
  </testcase>
  <testcase name="jsonFiltraEvaluacionesPorModuloTest" classname="com.ejemplo.centro.repository.A02EstadoJsonRepositoryImplTest" time="0.002">
    <error message="Unimplemented method &apos;findEvaluacionesByModuloId&apos;" type="java.lang.UnsupportedOperationException"><![CDATA[java.lang.UnsupportedOperationException: Unimplemented method 'findEvaluacionesByModuloId'
	at com.ejemplo.centro.repository.EstadoJsonRepositoryImpl.findEvaluacionesByModuloId(EstadoJsonRepositoryImpl.java:40)
	at com.ejemplo.centro.repository.A02EstadoJsonRepositoryImplTest.jsonFiltraEvaluacionesPorModuloTest(A02EstadoJsonRepositoryImplTest.java:52)
	at java.base/java.lang.reflect.Method.invoke(Method.java:569)
	at java.base/java.util.ArrayList.forEach(ArrayList.java:1511)
	at java.base/java.util.ArrayList.forEach(ArrayList.java:1511)
]]></error>
  </testcase>
  <testcase name="jsonDevuelveListaVaciaSiNoHayEvaluacionesDelModuloTest" classname="com.ejemplo.centro.repository.A02EstadoJsonRepositoryImplTest" time="0.002">
    <error message="Unimplemented method &apos;findEvaluacionesByModuloId&apos;" type="java.lang.UnsupportedOperationException"><![CDATA[java.lang.UnsupportedOperationException: Unimplemented method 'findEvaluacionesByModuloId'
	at com.ejemplo.centro.repository.EstadoJsonRepositoryImpl.findEvaluacionesByModuloId(EstadoJsonRepositoryImpl.java:40)
	at com.ejemplo.centro.repository.A02EstadoJsonRepositoryImplTest.jsonDevuelveListaVaciaSiNoHayEvaluacionesDelModuloTest(A02EstadoJsonRepositoryImplTest.java:57)
	at java.base/java.lang.reflect.Method.invoke(Method.java:569)
	at java.base/java.util.ArrayList.forEach(ArrayList.java:1511)
	at java.base/java.util.ArrayList.forEach(ArrayList.java:1511)
]]></error>
  </testcase>
  <testcase name="jsonGuardaNuevaIncidenciaTest" classname="com.ejemplo.centro.repository.A02EstadoJsonRepositoryImplTest" time="0.003">
    <error message="Unimplemented method &apos;saveIncidencia&apos;" type="java.lang.UnsupportedOperationException"><![CDATA[java.lang.UnsupportedOperationException: Unimplemented method 'saveIncidencia'
	at com.ejemplo.centro.repository.EstadoJsonRepositoryImpl.saveIncidencia(EstadoJsonRepositoryImpl.java:46)
	at com.ejemplo.centro.repository.A02EstadoJsonRepositoryImplTest.jsonGuardaNuevaIncidenciaTest(A02EstadoJsonRepositoryImplTest.java:62)
	at java.base/java.lang.reflect.Method.invoke(Method.java:569)
	at java.base/java.util.ArrayList.forEach(ArrayList.java:1511)
	at java.base/java.util.ArrayList.forEach(ArrayList.java:1511)
]]></error>
  </testcase>
  <testcase name="jsonFiltraIncidenciasPorProfesorTest" classname="com.ejemplo.centro.repository.A02EstadoJsonRepositoryImplTest" time="0.004">
    <error message="Unimplemented method &apos;findIncidenciasByProfesorId&apos;" type="java.lang.UnsupportedOperationException"><![CDATA[java.lang.UnsupportedOperationException: Unimplemented method 'findIncidenciasByProfesorId'
	at com.ejemplo.centro.repository.EstadoJsonRepositoryImpl.findIncidenciasByProfesorId(EstadoJsonRepositoryImpl.java:58)
	at com.ejemplo.centro.repository.A02EstadoJsonRepositoryImplTest.jsonFiltraIncidenciasPorProfesorTest(A02EstadoJsonRepositoryImplTest.java:68)
	at java.base/java.lang.reflect.Method.invoke(Method.java:569)
	at java.base/java.util.ArrayList.forEach(ArrayList.java:1511)
	at java.base/java.util.ArrayList.forEach(ArrayList.java:1511)
]]></error>
  </testcase>
  <testcase name="jsonDevuelveListaVaciaSiNoHayIncidenciasDelProfesorTest" classname="com.ejemplo.centro.repository.A02EstadoJsonRepositoryImplTest" time="0.002">
    <error message="Unimplemented method &apos;findIncidenciasByProfesorId&apos;" type="java.lang.UnsupportedOperationException"><![CDATA[java.lang.UnsupportedOperationException: Unimplemented method 'findIncidenciasByProfesorId'
	at com.ejemplo.centro.repository.EstadoJsonRepositoryImpl.findIncidenciasByProfesorId(EstadoJsonRepositoryImpl.java:58)
	at com.ejemplo.centro.repository.A02EstadoJsonRepositoryImplTest.jsonDevuelveListaVaciaSiNoHayIncidenciasDelProfesorTest(A02EstadoJsonRepositoryImplTest.java:73)
	at java.base/java.lang.reflect.Method.invoke(Method.java:569)
	at java.base/java.util.ArrayList.forEach(ArrayList.java:1511)
	at java.base/java.util.ArrayList.forEach(ArrayList.java:1511)
]]></error>
  </testcase>
  <testcase name="jsonFindAllEvaluacionesDevuelveCopiaDefensivaTest" classname="com.ejemplo.centro.repository.A02EstadoJsonRepositoryImplTest" time="0.002">
    <error message="Unimplemented method &apos;findAllEvaluaciones&apos;" type="java.lang.UnsupportedOperationException"><![CDATA[java.lang.UnsupportedOperationException: Unimplemented method 'findAllEvaluaciones'
	at com.ejemplo.centro.repository.EstadoJsonRepositoryImpl.findAllEvaluaciones(EstadoJsonRepositoryImpl.java:34)
	at com.ejemplo.centro.repository.A02EstadoJsonRepositoryImplTest.jsonFindAllEvaluacionesDevuelveCopiaDefensivaTest(A02EstadoJsonRepositoryImplTest.java:78)
	at java.base/java.lang.reflect.Method.invoke(Method.java:569)
	at java.base/java.util.ArrayList.forEach(ArrayList.java:1511)
	at java.base/java.util.ArrayList.forEach(ArrayList.java:1511)
]]></error>
  </testcase>
  <testcase name="jsonFindAllIncidenciasDevuelveCopiaDefensivaTest" classname="com.ejemplo.centro.repository.A02EstadoJsonRepositoryImplTest" time="0.002">
    <error message="Unimplemented method &apos;findAllIncidencias&apos;" type="java.lang.UnsupportedOperationException"><![CDATA[java.lang.UnsupportedOperationException: Unimplemented method 'findAllIncidencias'
	at com.ejemplo.centro.repository.EstadoJsonRepositoryImpl.findAllIncidencias(EstadoJsonRepositoryImpl.java:52)
	at com.ejemplo.centro.repository.A02EstadoJsonRepositoryImplTest.jsonFindAllIncidenciasDevuelveCopiaDefensivaTest(A02EstadoJsonRepositoryImplTest.java:85)
	at java.base/java.lang.reflect.Method.invoke(Method.java:569)
	at java.base/java.util.ArrayList.forEach(ArrayList.java:1511)
	at java.base/java.util.ArrayList.forEach(ArrayList.java:1511)
]]></error>
  </testcase>
  <testcase name="jsonPersisteCambiosEntreLecturasTest" classname="com.ejemplo.centro.repository.A02EstadoJsonRepositoryImplTest" time="0.002">
    <error message="Unimplemented method &apos;saveEvaluacion&apos;" type="java.lang.UnsupportedOperationException"><![CDATA[java.lang.UnsupportedOperationException: Unimplemented method 'saveEvaluacion'
	at com.ejemplo.centro.repository.EstadoJsonRepositoryImpl.saveEvaluacion(EstadoJsonRepositoryImpl.java:28)
	at com.ejemplo.centro.repository.A02EstadoJsonRepositoryImplTest.jsonPersisteCambiosEntreLecturasTest(A02EstadoJsonRepositoryImplTest.java:92)
	at java.base/java.lang.reflect.Method.invoke(Method.java:569)
	at java.base/java.util.ArrayList.forEach(ArrayList.java:1511)
	at java.base/java.util.ArrayList.forEach(ArrayList.java:1511)
]]></error>
  </testcase>
</testsuite>